Unity Editor version:    2020.3.25f1 (9b9180224418)
Branch:                  2020.3/staging
Build type:              Release
Batch mode:              YES
macOS version:           Version 12.0.1 (Build 21A559)
Darwin version:          21.1.0
Architecture:            x86_64
Running under Rosetta:   NO
Available memory:        16384 MB
Using pre-set license
Pro License: NO

COMMAND LINE ARGUMENTS:
/Applications/Unity/Hub/Editor/2020.3.25f1/Unity.app/Contents/MacOS/Unity
-adb2
-batchMode
-noUpm
-name
AssetImportWorker0
-projectPath
/Users/shreyamani/Downloads/My project (1)
-logFile
Logs/AssetImportWorker0.log
-srvPort
54014
Successfully changed project path to: /Users/shreyamani/Downloads/My project (1)
/Users/shreyamani/Downloads/My project (1)
Using Asset Import Pipeline V2.
Refreshing native plugins compatible for Editor in 31.52 ms, found 2 plugins.
Preloading 0 native plugins for Editor in 0.00 ms.
Initialize engine version: 2020.3.25f1 (9b9180224418)
[Subsystems] Discovering subsystems at path /Applications/Unity/Hub/Editor/2020.3.25f1/Unity.app/Contents/Resources/UnitySubsystems
[Subsystems] Discovering subsystems at path /Users/shreyamani/Downloads/My project (1)/Assets
GfxDevice: creating device client; threaded=0
2022-08-16 11:33:51.142 Unity[6739:308070] Color LCD preferred device: Intel(R) Iris(TM) Plus Graphics (low power)
2022-08-16 11:33:51.142 Unity[6739:308070] Metal devices available: 1
2022-08-16 11:33:51.142 Unity[6739:308070] 0: Intel(R) Iris(TM) Plus Graphics (low power)
2022-08-16 11:33:51.143 Unity[6739:308070] Using device Intel(R) Iris(TM) Plus Graphics (low power)
Initializing Metal device caps: Intel(R) Iris(TM) Plus Graphics
Initialize mono
Mono path[0] = '/Applications/Unity/Hub/Editor/2020.3.25f1/Unity.app/Contents/Managed'
Mono path[1] = '/Applications/Unity/Hub/Editor/2020.3.25f1/Unity.app/Contents/MonoBleedingEdge/lib/mono/unityjit'
Mono config path = '/Applications/Unity/Hub/Editor/2020.3.25f1/Unity.app/Contents/MonoBleedingEdge/etc'
Using monoOptions --debugger-agent=transport=dt_socket,embedding=1,server=y,suspend=n,address=127.0.0.1:56739
Begin MonoManager ReloadAssembly
Registering precompiled unity dll's ...
Register platform support module: /Applications/Unity/Hub/Editor/2020.3.25f1/Unity.app/Contents/PlaybackEngines/MacStandaloneSupport/UnityEditor.OSXStandalone.Extensions.dll
Registered in 0.000588 seconds.
Native extension for OSXStandalone target not found
Refreshing native plugins compatible for Editor in 34.30 ms, found 2 plugins.
Preloading 0 native plugins for Editor in 0.00 ms.
Mono: successfully reloaded assembly
- Completed reload, in  0.663 seconds
Domain Reload Profiling:
	ReloadAssembly (663ms)
		BeginReloadAssembly (41ms)
			ExecutionOrderSort (0ms)
			DisableScriptedObjects (0ms)
			BackupInstance (0ms)
			ReleaseScriptingObjects (0ms)
			CreateAndSetChildDomain (1ms)
		EndReloadAssembly (544ms)
			LoadAssemblies (40ms)
			RebuildTransferFunctionScriptingTraits (0ms)
			SetupTypeCache (191ms)
			ReleaseScriptCaches (0ms)
			RebuildScriptCaches (41ms)
			SetupLoadedEditorAssemblies (212ms)
				LogAssemblyErrors (0ms)
				InitializePlatformSupportModulesInManaged (5ms)
				SetLoadedEditorAssemblies (0ms)
				RefreshPlugins (34ms)
				BeforeProcessingInitializeOnLoad (28ms)
				ProcessInitializeOnLoadAttributes (113ms)
				ProcessInitializeOnLoadMethodAttributes (31ms)
				AfterProcessingInitializeOnLoad (0ms)
				EditorAssembliesLoaded (0ms)
			ExecutionOrderSort2 (0ms)
			AwakeInstancesAfterBackupRestoration (0ms)
Platform modules already initialized, skipping
Registering precompiled user dll's ...
Registered in 0.004390 seconds.
Begin MonoManager ReloadAssembly
Native extension for OSXStandalone target not found
Refreshing native plugins compatible for Editor in 0.32 ms, found 2 plugins.
Preloading 0 native plugins for Editor in 0.00 ms.
Mono: successfully reloaded assembly
- Completed reload, in  1.084 seconds
Domain Reload Profiling:
	ReloadAssembly (1085ms)
		BeginReloadAssembly (138ms)
			ExecutionOrderSort (0ms)
			DisableScriptedObjects (5ms)
			BackupInstance (0ms)
			ReleaseScriptingObjects (0ms)
			CreateAndSetChildDomain (20ms)
		EndReloadAssembly (884ms)
			LoadAssemblies (77ms)
			RebuildTransferFunctionScriptingTraits (0ms)
			SetupTypeCache (325ms)
			ReleaseScriptCaches (0ms)
			RebuildScriptCaches (50ms)
			SetupLoadedEditorAssemblies (321ms)
				LogAssemblyErrors (0ms)
				InitializePlatformSupportModulesInManaged (4ms)
				SetLoadedEditorAssemblies (1ms)
				RefreshPlugins (0ms)
				BeforeProcessingInitializeOnLoad (80ms)
				ProcessInitializeOnLoadAttributes (224ms)
				ProcessInitializeOnLoadMethodAttributes (10ms)
				AfterProcessingInitializeOnLoad (1ms)
				EditorAssembliesLoaded (0ms)
			ExecutionOrderSort2 (0ms)
			AwakeInstancesAfterBackupRestoration (7ms)
Platform modules already initialized, skipping
Validating Project structure ... 0.000250 seconds.
Shader import version has changed; will reimport all shaders...
Upgrading shader files ...0.000339 seconds.
Application.AssetDatabase Initial Script Refresh Start
RefreshInfo: InitialScriptRefreshV2(NoUpdateAssetOptions) scanfilter:  ... 1 filters
RefreshProfiler: Total: 0.000ms
Application.AssetDatabase Initial Script Refresh End
Application.AssetDatabase.Refresh Start
Application.AssetDatabase.Refresh End
RefreshInfo: StopAssetImportingV2(ForceSynchronousImport) scanfilter: 
RefreshProfiler: Total: 0.000ms
Launching external process: /Applications/Unity/Hub/Editor/2020.3.25f1/Unity.app/Contents/Tools/UnityShaderCompiler
Launched and connected shader compiler UnityShaderCompiler after 0.01 seconds
Initializing Unity extensions:
2022-08-16 11:33:53.664 Unity[6739:308070] NSEventModifierFlagFunction specified to -setKeyEquivalentModifierMask: for item <NSMenuItem: 0x6000006fca10 Font Asset, ke='Command-F12'>, but is only supported for system-provided menu items; will not be used
2022-08-16 11:33:53.667 Unity[6739:308070] NSEventModifierFlagFunction specified to -setKeyEquivalentModifierMask: for item <NSMenuItem: 0x6000006eed80 Font Asset, ke='Command-F12'>, but is only supported for system-provided menu items; will not be used
========================================================================
Worker process is ready to serve import requests
Refreshing native plugins compatible for Editor in 0.37 ms, found 2 plugins.
Preloading 0 native plugins for Editor in 0.00 ms.
Unloading 1501 Unused Serialized files (Serialized files now loaded: 0)
System memory in use before: 189.8 MB.
System memory in use after: 189.0 MB.

Unloading 80 unused Assets to reduce memory usage. Loaded Objects now: 1973.
Total: 3.861514 ms (FindLiveObjects: 0.157623 ms CreateObjectMapping: 0.070652 ms MarkObjects: 3.063186 ms  DeleteObjects: 0.568766 ms)

AssetImportParameters requested are different than current active one (requested -> active):
  custom:video-decoder-ogg-theora: a1e56fd34408186e4bbccfd4996cb3dc -> 
  custom:container-muxer-webm: aa71ff27fc2769a1b78a27578f13a17b -> 
  custom:container-demuxer-webm: 4f35f7cbe854078d1ac9338744f61a02 -> 
  custom:container-demuxer-ogg: 62fdf1f143b41e24485cea50d1cbac27 -> 
  custom:video-encoder-webm-vp8: eb34c28f22e8b96e1ab97ce403110664 -> 
  custom:framework-osx-AVFoundation: e770b220cccbd017edd2c1fefb359320 -> 
  custom:video-decoder-webm-vp8: 9c59270c3fd7afecdb556c50c9e8de78 -> 
  custom:audio-decoder-ogg-vorbis: bf7c407c2cedff20999df2af8eb42d56 -> 
  custom:audio-encoder-webm-vorbis: bf7c407c2cedff20999df2af8eb42d56 -> 
========================================================================
Received Import Request.
  path: Assets/Fonts
  artifactKey: Guid(d80e65c66b67a4e7ca35fac311521985) Importer(815301076,1909f56bfc062723c751e8b465ee728b)
Start importing Assets/Fonts using Guid(d80e65c66b67a4e7ca35fac311521985) Importer(815301076,1909f56bfc062723c751e8b465ee728b)  -> (artifact id: 'ea409d50479c5f7611bbe30371f5e778') in 0.003853 seconds 
  Import took 0.006094 seconds .

========================================================================
Received Import Request.
  Time since last request: 0.000308 seconds.
  path: Assets/Fonts/EleganTech-.ttf
  artifactKey: Guid(5de31e8ff1d4545efa6e22034b7895d8) Importer(815301076,1909f56bfc062723c751e8b465ee728b)
Start importing Assets/Fonts/EleganTech-.ttf using Guid(5de31e8ff1d4545efa6e22034b7895d8) Importer(815301076,1909f56bfc062723c751e8b465ee728b)  -> (artifact id: '6d1aeadfc375aff9e2af1f7e2d73e482') in 1.892949 seconds 
  Import took 1.900299 seconds .

========================================================================
Received Import Request.
  Time since last request: 1.098194 seconds.
  path: Assets/Fonts/Jupiter/Digital_tech.otf
  artifactKey: Guid(dd332e8c9a98644f08b669cf647948e1) Importer(815301076,1909f56bfc062723c751e8b465ee728b)
Start importing Assets/Fonts/Jupiter/Digital_tech.otf using Guid(dd332e8c9a98644f08b669cf647948e1) Importer(815301076,1909f56bfc062723c751e8b465ee728b)  -> (artifact id: '99ec49d76936b538cd3f3224287e3112') in 1.588593 seconds 
  Import took 1.594153 seconds .

========================================================================
Received Import Request.
  Time since last request: 0.000307 seconds.
  path: Assets/Fonts/Jupiter/Jupiter.ttf
  artifactKey: Guid(7cb2912222469634ba17a77055919ea8) Importer(815301076,1909f56bfc062723c751e8b465ee728b)
Start importing Assets/Fonts/Jupiter/Jupiter.ttf using Guid(7cb2912222469634ba17a77055919ea8) Importer(815301076,1909f56bfc062723c751e8b465ee728b)  -> (artifact id: '0fd0f57f25d57a3e92e082125960b10f') in 0.012902 seconds 
  Import took 0.015889 seconds .

========================================================================
Received Import Request.
  Time since last request: 100.411553 seconds.
  path: Assets/Fonts/Harabara.ttf
  artifactKey: Guid(868e8004143874f9ab2cb243999fef38) Importer(815301076,1909f56bfc062723c751e8b465ee728b)
Start importing Assets/Fonts/Harabara.ttf using Guid(868e8004143874f9ab2cb243999fef38) Importer(815301076,1909f56bfc062723c751e8b465ee728b)  -> (artifact id: 'bfe9e163fddb2c66de08a9c3f2eebad9') in 0.020010 seconds 
  Import took 0.022923 seconds .

========================================================================
Received Import Request.
  Time since last request: 358.787188 seconds.
  path: Assets/Screen_Shot_2022-08-16_at_11.40.12_AM-removebg-preview.png
  artifactKey: Guid(60a9d440f59854272aa15bd45c47fc7b) Importer(815301076,1909f56bfc062723c751e8b465ee728b)
Start importing Assets/Screen_Shot_2022-08-16_at_11.40.12_AM-removebg-preview.png using Guid(60a9d440f59854272aa15bd45c47fc7b) Importer(815301076,1909f56bfc062723c751e8b465ee728b)  -> (artifact id: '4e59283170ad15f960595f16d05c5846') in 0.863673 seconds 
  Import took 0.870293 seconds .

========================================================================
Received Import Request.
  Time since last request: 18.601682 seconds.
  path: Assets/Screen_Shot_2022-08-16_at_11.40.12_AM-removebg-preview.png
  artifactKey: Guid(60a9d440f59854272aa15bd45c47fc7b) Importer(815301076,1909f56bfc062723c751e8b465ee728b)
Start importing Assets/Screen_Shot_2022-08-16_at_11.40.12_AM-removebg-preview.png using Guid(60a9d440f59854272aa15bd45c47fc7b) Importer(815301076,1909f56bfc062723c751e8b465ee728b)  -> (artifact id: 'ead5a7c52ea6030a2e19ec639f4ae642') in 0.039159 seconds 
  Import took 0.042568 seconds .

========================================================================
Received Import Request.
  Time since last request: 463.783058 seconds.
  path: Assets/Images
  artifactKey: Guid(f114e0aa867e84d048cbdb227bcc91bc) Importer(815301076,1909f56bfc062723c751e8b465ee728b)
Start importing Assets/Images using Guid(f114e0aa867e84d048cbdb227bcc91bc) Importer(815301076,1909f56bfc062723c751e8b465ee728b)  -> (artifact id: '592d03328ab3c1f7e720e95b1eef5bf2') in 0.002724 seconds 
  Import took 0.007077 seconds .

========================================================================
Received Import Request.
  Time since last request: 62.354217 seconds.
  path: Assets/Images/UMTRI-Logo-Resized.png
  artifactKey: Guid(9f983ba05034946a099aea4e77be8dc5) Importer(815301076,1909f56bfc062723c751e8b465ee728b)
Start importing Assets/Images/UMTRI-Logo-Resized.png using Guid(9f983ba05034946a099aea4e77be8dc5) Importer(815301076,1909f56bfc062723c751e8b465ee728b)  -> (artifact id: '45eb3c45faddbbf8744518accc888f2d') in 0.010346 seconds 
  Import took 0.013972 seconds .

========================================================================
Received Import Request.
  Time since last request: 11.919365 seconds.
  path: Assets/Images/UMTRI-Logo-Resized.png
  artifactKey: Guid(9f983ba05034946a099aea4e77be8dc5) Importer(815301076,1909f56bfc062723c751e8b465ee728b)
Start importing Assets/Images/UMTRI-Logo-Resized.png using Guid(9f983ba05034946a099aea4e77be8dc5) Importer(815301076,1909f56bfc062723c751e8b465ee728b)  -> (artifact id: 'ad46b5fbff41cb3f6bf47931bdd463b6') in 0.022283 seconds 
  Import took 0.025971 seconds .

========================================================================
Received Import Request.
  Time since last request: 151.486888 seconds.
  path: Assets/Images/LOGO_lightBG.png
  artifactKey: Guid(7feb0f2419f3d457fb3594a9293582c3) Importer(815301076,1909f56bfc062723c751e8b465ee728b)
Start importing Assets/Images/LOGO_lightBG.png using Guid(7feb0f2419f3d457fb3594a9293582c3) Importer(815301076,1909f56bfc062723c751e8b465ee728b)  -> (artifact id: '6836a9b9aec67d473c3ab8be51d4cd47') in 0.010281 seconds 
  Import took 0.013173 seconds .

========================================================================
Received Import Request.
  Time since last request: 11.243413 seconds.
  path: Assets/Images/LOGO_lightBG.png
  artifactKey: Guid(7feb0f2419f3d457fb3594a9293582c3) Importer(815301076,1909f56bfc062723c751e8b465ee728b)
Start importing Assets/Images/LOGO_lightBG.png using Guid(7feb0f2419f3d457fb3594a9293582c3) Importer(815301076,1909f56bfc062723c751e8b465ee728b)  -> (artifact id: 'd20498da18ce0aedfd4c02b1dee1c61e') in 0.016634 seconds 
  Import took 0.019918 seconds .

========================================================================
Received Import Request.
  Time since last request: 137.671066 seconds.
  path: Assets/Fonts/Tuffy_Infant_Regular.ttf
  artifactKey: Guid(6ecbcacbe32604562b88f454a2ee3636) Importer(815301076,1909f56bfc062723c751e8b465ee728b)
Start importing Assets/Fonts/Tuffy_Infant_Regular.ttf using Guid(6ecbcacbe32604562b88f454a2ee3636) Importer(815301076,1909f56bfc062723c751e8b465ee728b)  -> (artifact id: '76c2f18a2c02499dd78205071dd3e8d5') in 0.017856 seconds 
  Import took 0.020391 seconds .

========================================================================
Received Import Request.
  Time since last request: 835.373347 seconds.
  path: Assets/Scenes
  artifactKey: Guid(923d4c208fca64490a2a4ea07695a83d) Importer(815301076,1909f56bfc062723c751e8b465ee728b)
Start importing Assets/Scenes using Guid(923d4c208fca64490a2a4ea07695a83d) Importer(815301076,1909f56bfc062723c751e8b465ee728b)  -> (artifact id: '0ebc81462646cd51558a10c1665b64b4') in 0.002064 seconds 
  Import took 0.006102 seconds .

========================================================================
Received Import Request.
  Time since last request: 27.387988 seconds.
  path: Assets/Scripts
  artifactKey: Guid(cb1121efed21a4ae586d040c8b20267c) Importer(815301076,1909f56bfc062723c751e8b465ee728b)
Start importing Assets/Scripts using Guid(cb1121efed21a4ae586d040c8b20267c) Importer(815301076,1909f56bfc062723c751e8b465ee728b)  -> (artifact id: '7d58203b916eaab1ec19b322bcc678b7') in 0.003550 seconds 
  Import took 0.007702 seconds .

========================================================================
Received Prepare
Registering precompiled user dll's ...
Registered in 0.003089 seconds.
Begin MonoManager ReloadAssembly
Native extension for OSXStandalone target not found
Refreshing native plugins compatible for Editor in 0.31 ms, found 2 plugins.
Preloading 0 native plugins for Editor in 0.00 ms.
2022-08-16 12:10:30.583 Unity[6739:308070] NSEventModifierFlagFunction specified to -setKeyEquivalentModifierMask: for item <NSMenuItem: 0x60000069be20 Font Asset, ke='Command-F12'>, but is only supported for system-provided menu items; will not be used
Mono: successfully reloaded assembly
- Completed reload, in  1.098 seconds
Domain Reload Profiling:
	ReloadAssembly (1098ms)
		BeginReloadAssembly (105ms)
			ExecutionOrderSort (0ms)
			DisableScriptedObjects (4ms)
			BackupInstance (0ms)
			ReleaseScriptingObjects (0ms)
			CreateAndSetChildDomain (39ms)
		EndReloadAssembly (923ms)
			LoadAssemblies (81ms)
			RebuildTransferFunctionScriptingTraits (0ms)
			SetupTypeCache (351ms)
			ReleaseScriptCaches (1ms)
			RebuildScriptCaches (47ms)
			SetupLoadedEditorAssemblies (326ms)
				LogAssemblyErrors (0ms)
				InitializePlatformSupportModulesInManaged (5ms)
				SetLoadedEditorAssemblies (1ms)
				RefreshPlugins (0ms)
				BeforeProcessingInitializeOnLoad (107ms)
				ProcessInitializeOnLoadAttributes (203ms)
				ProcessInitializeOnLoadMethodAttributes (9ms)
				AfterProcessingInitializeOnLoad (2ms)
				EditorAssembliesLoaded (0ms)
			ExecutionOrderSort2 (0ms)
			AwakeInstancesAfterBackupRestoration (7ms)
Platform modules already initialized, skipping
Refreshing native plugins compatible for Editor in 0.31 ms, found 2 plugins.
Preloading 0 native plugins for Editor in 0.00 ms.
Unloading 1495 Unused Serialized files (Serialized files now loaded: 0)
System memory in use before: 201.3 MB.
System memory in use after: 201.4 MB.

Unloading 15 unused Assets to reduce memory usage. Loaded Objects now: 2028.
Total: 2.485601 ms (FindLiveObjects: 0.131169 ms CreateObjectMapping: 0.040186 ms MarkObjects: 2.294686 ms  DeleteObjects: 0.018524 ms)

AssetImportParameters requested are different than current active one (requested -> active):
  custom:video-decoder-ogg-theora: a1e56fd34408186e4bbccfd4996cb3dc -> 
  custom:container-muxer-webm: aa71ff27fc2769a1b78a27578f13a17b -> 
  custom:container-demuxer-webm: 4f35f7cbe854078d1ac9338744f61a02 -> 
  custom:container-demuxer-ogg: 62fdf1f143b41e24485cea50d1cbac27 -> 
  custom:video-encoder-webm-vp8: eb34c28f22e8b96e1ab97ce403110664 -> 
  custom:framework-osx-AVFoundation: e770b220cccbd017edd2c1fefb359320 -> 
  custom:video-decoder-webm-vp8: 9c59270c3fd7afecdb556c50c9e8de78 -> 
  custom:audio-decoder-ogg-vorbis: bf7c407c2cedff20999df2af8eb42d56 -> 
  custom:audio-encoder-webm-vorbis: bf7c407c2cedff20999df2af8eb42d56 -> 
========================================================================
Received Import Request.
  Time since last request: 47.995999 seconds.
  path: Assets/Scenes/SampleScene.unity
  artifactKey: Guid(9fc0d4010bbf28b4594072e72b8655ab) Importer(815301076,1909f56bfc062723c751e8b465ee728b)
Start importing Assets/Scenes/SampleScene.unity using Guid(9fc0d4010bbf28b4594072e72b8655ab) Importer(815301076,1909f56bfc062723c751e8b465ee728b)  -> (artifact id: '85059f4f9e1a832ed95adaa0d25c5c4c') in 0.020361 seconds 
  Import took 0.025002 seconds .

========================================================================
Received Import Request.
  Time since last request: 6.434948 seconds.
  path: Assets/Scenes/HomePage.unity
  artifactKey: Guid(9fc0d4010bbf28b4594072e72b8655ab) Importer(815301076,1909f56bfc062723c751e8b465ee728b)
Start importing Assets/Scenes/HomePage.unity using Guid(9fc0d4010bbf28b4594072e72b8655ab) Importer(815301076,1909f56bfc062723c751e8b465ee728b)  -> (artifact id: 'd40a5107e8ee896642ed1069a70e12cd') in 0.001541 seconds 
  Import took 0.004208 seconds .

========================================================================
Received Import Request.
  Time since last request: 637.643234 seconds.
  path: Assets/Scenes/Models.unity
  artifactKey: Guid(f3f9560ddc29a4b22a4d4ba363a2a5c1) Importer(815301076,1909f56bfc062723c751e8b465ee728b)
Start importing Assets/Scenes/Models.unity using Guid(f3f9560ddc29a4b22a4d4ba363a2a5c1) Importer(815301076,1909f56bfc062723c751e8b465ee728b)  -> (artifact id: '0459e06293de8264cb7d758b75108685') in 0.005392 seconds 
  Import took 0.009042 seconds .

========================================================================
Received Import Request.
  Time since last request: 57.889399 seconds.
  path: Assets/Scenes/Models.unity
  artifactKey: Guid(f3f9560ddc29a4b22a4d4ba363a2a5c1) Importer(815301076,1909f56bfc062723c751e8b465ee728b)
Start importing Assets/Scenes/Models.unity using Guid(f3f9560ddc29a4b22a4d4ba363a2a5c1) Importer(815301076,1909f56bfc062723c751e8b465ee728b)  -> (artifact id: 'daad0e448e9ee06dc889eaf568e36c5e') in 0.003054 seconds 
  Import took 0.007450 seconds .

========================================================================
Received Import Request.
  Time since last request: 1.568930 seconds.
  path: Assets/Scenes/HomePage.unity
  artifactKey: Guid(9fc0d4010bbf28b4594072e72b8655ab) Importer(815301076,1909f56bfc062723c751e8b465ee728b)
Start importing Assets/Scenes/HomePage.unity using Guid(9fc0d4010bbf28b4594072e72b8655ab) Importer(815301076,1909f56bfc062723c751e8b465ee728b)  -> (artifact id: 'a2181d57d1829e94e8386004ee8d4d99') in 0.003463 seconds 
  Import took 0.008008 seconds .

========================================================================
Received Import Request.
  Time since last request: 65.595260 seconds.
  path: Assets/Images/standchild_over (1).png
  artifactKey: Guid(9c5faa5fc867c467e90f151cfd27b580) Importer(815301076,1909f56bfc062723c751e8b465ee728b)
Start importing Assets/Images/standchild_over (1).png using Guid(9c5faa5fc867c467e90f151cfd27b580) Importer(815301076,1909f56bfc062723c751e8b465ee728b)  -> (artifact id: 'b637ee98480479d32b8aa18c6f612e9b') in 0.029320 seconds 
  Import took 0.032793 seconds .

========================================================================
Received Import Request.
  Time since last request: 3.413057 seconds.
  path: Assets/Images/autoadult_over (1).png
  artifactKey: Guid(f23e073c8dc4d4a958f730be9cfa1f3d) Importer(815301076,1909f56bfc062723c751e8b465ee728b)
Start importing Assets/Images/autoadult_over (1).png using Guid(f23e073c8dc4d4a958f730be9cfa1f3d) Importer(815301076,1909f56bfc062723c751e8b465ee728b)  -> (artifact id: '0ebdbccd4367543bf7407384752becfa') in 0.011879 seconds 
  Import took 0.014419 seconds .

========================================================================
Received Import Request.
  Time since last request: 7.203865 seconds.
  path: Assets/Images/standfemale_over (1).png
  artifactKey: Guid(273709e51dadb42f3851a9f02a5157c0) Importer(815301076,1909f56bfc062723c751e8b465ee728b)
Start importing Assets/Images/standfemale_over (1).png using Guid(273709e51dadb42f3851a9f02a5157c0) Importer(815301076,1909f56bfc062723c751e8b465ee728b)  -> (artifact id: 'cfd23e9049e8a233a0c9a565811cf97e') in 0.010570 seconds 
  Import took 0.013250 seconds .

========================================================================
Received Import Request.
  Time since last request: 14.768820 seconds.
  path: Assets/Images/standfemale_over (1).png
  artifactKey: Guid(273709e51dadb42f3851a9f02a5157c0) Importer(815301076,1909f56bfc062723c751e8b465ee728b)
Start importing Assets/Images/standfemale_over (1).png using Guid(273709e51dadb42f3851a9f02a5157c0) Importer(815301076,1909f56bfc062723c751e8b465ee728b)  -> (artifact id: '01496565d7628daa89468f5746683055') in 0.033362 seconds 
  Import took 0.036665 seconds .

========================================================================
Received Import Request.
  Time since last request: 9.645698 seconds.
  path: Assets/Images/standchild_over (1).png
  artifactKey: Guid(9c5faa5fc867c467e90f151cfd27b580) Importer(815301076,1909f56bfc062723c751e8b465ee728b)
Start importing Assets/Images/standchild_over (1).png using Guid(9c5faa5fc867c467e90f151cfd27b580) Importer(815301076,1909f56bfc062723c751e8b465ee728b)  -> (artifact id: '8f9abde6dcf3bc4be6db4eb5b89ec74f') in 0.023055 seconds 
  Import took 0.026269 seconds .

========================================================================
Received Import Request.
  Time since last request: 7.780535 seconds.
  path: Assets/Images/autoadult_over (1).png
  artifactKey: Guid(f23e073c8dc4d4a958f730be9cfa1f3d) Importer(815301076,1909f56bfc062723c751e8b465ee728b)
Start importing Assets/Images/autoadult_over (1).png using Guid(f23e073c8dc4d4a958f730be9cfa1f3d) Importer(815301076,1909f56bfc062723c751e8b465ee728b)  -> (artifact id: '214626b602e99592e601c4d50d2140b9') in 0.032415 seconds 
  Import took 0.036175 seconds .

========================================================================
Received Import Request.
  Time since last request: 102.035099 seconds.
  path: Assets/Scenes/Models.unity
  artifactKey: Guid(f3f9560ddc29a4b22a4d4ba363a2a5c1) Importer(815301076,1909f56bfc062723c751e8b465ee728b)
Start importing Assets/Scenes/Models.unity using Guid(f3f9560ddc29a4b22a4d4ba363a2a5c1) Importer(815301076,1909f56bfc062723c751e8b465ee728b)  -> (artifact id: '1f040ae91b9d7d70140b386ede8e5674') in 0.003780 seconds 
  Import took 0.007774 seconds .

========================================================================
Received Import Request.
  Time since last request: 28.207124 seconds.
  path: Assets/Scenes/Models.unity
  artifactKey: Guid(f3f9560ddc29a4b22a4d4ba363a2a5c1) Importer(815301076,1909f56bfc062723c751e8b465ee728b)
Start importing Assets/Scenes/Models.unity using Guid(f3f9560ddc29a4b22a4d4ba363a2a5c1) Importer(815301076,1909f56bfc062723c751e8b465ee728b)  -> (artifact id: 'c3c31d1b851170b3b8a4797fa732ac23') in 0.003265 seconds 
  Import took 0.007560 seconds .

========================================================================
Received Import Request.
  Time since last request: 2106.773374 seconds.
  path: Assets/Images/standmale_over.png
  artifactKey: Guid(87ba771f9b88e485bb3ad21ac2ce5a5c) Importer(815301076,1909f56bfc062723c751e8b465ee728b)
Start importing Assets/Images/standmale_over.png using Guid(87ba771f9b88e485bb3ad21ac2ce5a5c) Importer(815301076,1909f56bfc062723c751e8b465ee728b)  -> (artifact id: 'd5614cb15c196a8dcfb295f90d0e3cd0') in 0.013911 seconds 
  Import took 0.017589 seconds .

========================================================================
Received Import Request.
  Time since last request: 9.199094 seconds.
  path: Assets/Images/standmale_over.png
  artifactKey: Guid(87ba771f9b88e485bb3ad21ac2ce5a5c) Importer(815301076,1909f56bfc062723c751e8b465ee728b)
Start importing Assets/Images/standmale_over.png using Guid(87ba771f9b88e485bb3ad21ac2ce5a5c) Importer(815301076,1909f56bfc062723c751e8b465ee728b)  -> (artifact id: '5cc73a71c0bc670592821a3032bdc291') in 0.020356 seconds 
  Import took 0.023057 seconds .

========================================================================
Received Prepare
Registering precompiled user dll's ...
Registered in 0.002540 seconds.
Begin MonoManager ReloadAssembly
Native extension for OSXStandalone target not found
Refreshing native plugins compatible for Editor in 0.32 ms, found 2 plugins.
Preloading 0 native plugins for Editor in 0.00 ms.
2022-08-16 13:12:00.158 Unity[6739:308070] NSEventModifierFlagFunction specified to -setKeyEquivalentModifierMask: for item <NSMenuItem: 0x6000006847e0 Font Asset, ke='Command-F12'>, but is only supported for system-provided menu items; will not be used
Mono: successfully reloaded assembly
- Completed reload, in  1.058 seconds
Domain Reload Profiling:
	ReloadAssembly (1059ms)
		BeginReloadAssembly (129ms)
			ExecutionOrderSort (0ms)
			DisableScriptedObjects (7ms)
			BackupInstance (0ms)
			ReleaseScriptingObjects (0ms)
			CreateAndSetChildDomain (57ms)
		EndReloadAssembly (868ms)
			LoadAssemblies (72ms)
			RebuildTransferFunctionScriptingTraits (0ms)
			SetupTypeCache (311ms)
			ReleaseScriptCaches (1ms)
			RebuildScriptCaches (45ms)
			SetupLoadedEditorAssemblies (329ms)
				LogAssemblyErrors (0ms)
				InitializePlatformSupportModulesInManaged (4ms)
				SetLoadedEditorAssemblies (1ms)
				RefreshPlugins (0ms)
				BeforeProcessingInitializeOnLoad (105ms)
				ProcessInitializeOnLoadAttributes (207ms)
				ProcessInitializeOnLoadMethodAttributes (10ms)
				AfterProcessingInitializeOnLoad (2ms)
				EditorAssembliesLoaded (0ms)
			ExecutionOrderSort2 (0ms)
			AwakeInstancesAfterBackupRestoration (7ms)
Platform modules already initialized, skipping
Refreshing native plugins compatible for Editor in 0.29 ms, found 2 plugins.
Preloading 0 native plugins for Editor in 0.00 ms.
Unloading 1495 Unused Serialized files (Serialized files now loaded: 0)
System memory in use before: 201.6 MB.
System memory in use after: 201.7 MB.

Unloading 14 unused Assets to reduce memory usage. Loaded Objects now: 2037.
Total: 2.618539 ms (FindLiveObjects: 0.256950 ms CreateObjectMapping: 0.057389 ms MarkObjects: 2.287684 ms  DeleteObjects: 0.015573 ms)

AssetImportParameters requested are different than current active one (requested -> active):
  custom:video-decoder-ogg-theora: a1e56fd34408186e4bbccfd4996cb3dc -> 
  custom:container-muxer-webm: aa71ff27fc2769a1b78a27578f13a17b -> 
  custom:container-demuxer-webm: 4f35f7cbe854078d1ac9338744f61a02 -> 
  custom:container-demuxer-ogg: 62fdf1f143b41e24485cea50d1cbac27 -> 
  custom:video-encoder-webm-vp8: eb34c28f22e8b96e1ab97ce403110664 -> 
  custom:framework-osx-AVFoundation: e770b220cccbd017edd2c1fefb359320 -> 
  custom:video-decoder-webm-vp8: 9c59270c3fd7afecdb556c50c9e8de78 -> 
  custom:audio-decoder-ogg-vorbis: bf7c407c2cedff20999df2af8eb42d56 -> 
  custom:audio-encoder-webm-vorbis: bf7c407c2cedff20999df2af8eb42d56 -> 
========================================================================
Received Import Request.
  Time since last request: 652.059681 seconds.
  path: Assets/Scenes/ContactUs.unity
  artifactKey: Guid(637b4b93fc8f54230bc9059934b8cc95) Importer(815301076,1909f56bfc062723c751e8b465ee728b)
Start importing Assets/Scenes/ContactUs.unity using Guid(637b4b93fc8f54230bc9059934b8cc95) Importer(815301076,1909f56bfc062723c751e8b465ee728b)  -> (artifact id: '84341d7882414c1007523e86cab555c0') in 0.017637 seconds 
  Import took 0.020656 seconds .

========================================================================
Received Import Request.
  Time since last request: 52.927775 seconds.
  path: Assets/Scenes/Models.unity
  artifactKey: Guid(f3f9560ddc29a4b22a4d4ba363a2a5c1) Importer(815301076,1909f56bfc062723c751e8b465ee728b)
Start importing Assets/Scenes/Models.unity using Guid(f3f9560ddc29a4b22a4d4ba363a2a5c1) Importer(815301076,1909f56bfc062723c751e8b465ee728b)  -> (artifact id: '0242f697e815e0d49597d5de681fc3de') in 0.002090 seconds 
  Import took 0.006884 seconds .

========================================================================
Received Import Request.
  Time since last request: 8.013411 seconds.
  path: Assets/Scenes/ContactUs.unity
  artifactKey: Guid(637b4b93fc8f54230bc9059934b8cc95) Importer(815301076,1909f56bfc062723c751e8b465ee728b)
Start importing Assets/Scenes/ContactUs.unity using Guid(637b4b93fc8f54230bc9059934b8cc95) Importer(815301076,1909f56bfc062723c751e8b465ee728b)  -> (artifact id: 'f0d543f9e8f6816502cad05fdb11ccba') in 0.003521 seconds 
  Import took 0.008400 seconds .

========================================================================
Received Import Request.
  Time since last request: 2724.411426 seconds.
  path: Assets/Scenes/About.unity
  artifactKey: Guid(3afd91cb3716b4990acbc81bcc102837) Importer(815301076,1909f56bfc062723c751e8b465ee728b)
Start importing Assets/Scenes/About.unity using Guid(3afd91cb3716b4990acbc81bcc102837) Importer(815301076,1909f56bfc062723c751e8b465ee728b)  -> (artifact id: '51de9a7d15e9a333559f06bc55e0a5f5') in 0.004412 seconds 
  Import took 0.008468 seconds .

========================================================================
Received Import Request.
  Time since last request: 564.797559 seconds.
  path: Assets/Images/i9-512.webp
  artifactKey: Guid(80e8990f7a35f4382ba81a3fae70a437) Importer(815301076,1909f56bfc062723c751e8b465ee728b)
Start importing Assets/Images/i9-512.webp using Guid(80e8990f7a35f4382ba81a3fae70a437) Importer(815301076,1909f56bfc062723c751e8b465ee728b)  -> (artifact id: '06a665049112a3e252353348b2652e31') in 0.126528 seconds 
  Import took 0.133542 seconds .

========================================================================
Received Import Request.
  Time since last request: 89.892242 seconds.
  path: Assets/Images/i9-512.png
  artifactKey: Guid(5af87c4d65fc649e3ac6d7fc0b865331) Importer(815301076,1909f56bfc062723c751e8b465ee728b)
Start importing Assets/Images/i9-512.png using Guid(5af87c4d65fc649e3ac6d7fc0b865331) Importer(815301076,1909f56bfc062723c751e8b465ee728b)  -> (artifact id: 'd01d7065562e7840d07d3d60839cfdc1') in 0.041798 seconds 
  Import took 0.045047 seconds .

========================================================================
Received Import Request.
  Time since last request: 8.502127 seconds.
  path: Assets/Images/i9-512.png
  artifactKey: Guid(5af87c4d65fc649e3ac6d7fc0b865331) Importer(815301076,1909f56bfc062723c751e8b465ee728b)
Start importing Assets/Images/i9-512.png using Guid(5af87c4d65fc649e3ac6d7fc0b865331) Importer(815301076,1909f56bfc062723c751e8b465ee728b)  -> (artifact id: 'c7d40d2c1d4adbc3ed41e54ac1658b31') in 0.029111 seconds 
  Import took 0.032664 seconds .

========================================================================
Received Import Request.
  Time since last request: 227.997188 seconds.
  path: Assets/Scenes/HowTo.unity
  artifactKey: Guid(19e05e4cea89c44589330da23711a16b) Importer(815301076,1909f56bfc062723c751e8b465ee728b)
Start importing Assets/Scenes/HowTo.unity using Guid(19e05e4cea89c44589330da23711a16b) Importer(815301076,1909f56bfc062723c751e8b465ee728b)  -> (artifact id: '567d3d6a09946384a98bb87b4bd6135b') in 0.004792 seconds 
  Import took 0.008317 seconds .

========================================================================
Received Import Request.
  Time since last request: 9.167551 seconds.
  path: Assets/Scenes/Models.unity
  artifactKey: Guid(f3f9560ddc29a4b22a4d4ba363a2a5c1) Importer(815301076,1909f56bfc062723c751e8b465ee728b)
Start importing Assets/Scenes/Models.unity using Guid(f3f9560ddc29a4b22a4d4ba363a2a5c1) Importer(815301076,1909f56bfc062723c751e8b465ee728b)  -> (artifact id: '7a2a79de82034af94e17d976af2cc8f3') in 0.003288 seconds 
  Import took 0.007687 seconds .

========================================================================
Received Import Request.
  Time since last request: 760.090158 seconds.
  path: Assets/Images/Screen Shot 2022-08-16 at 2.26.33 PM.png
  artifactKey: Guid(a262e2f3342674f5d9f64c722a66e6dc) Importer(815301076,1909f56bfc062723c751e8b465ee728b)
Start importing Assets/Images/Screen Shot 2022-08-16 at 2.26.33 PM.png using Guid(a262e2f3342674f5d9f64c722a66e6dc) Importer(815301076,1909f56bfc062723c751e8b465ee728b)  -> (artifact id: 'd382159aae38375779db13b310757f9d') in 0.013076 seconds 
  Import took 0.016948 seconds .

========================================================================
Received Import Request.
  Time since last request: 13.175518 seconds.
  path: Assets/Images/Screen Shot 2022-08-16 at 2.26.33 PM.png
  artifactKey: Guid(a262e2f3342674f5d9f64c722a66e6dc) Importer(815301076,1909f56bfc062723c751e8b465ee728b)
Start importing Assets/Images/Screen Shot 2022-08-16 at 2.26.33 PM.png using Guid(a262e2f3342674f5d9f64c722a66e6dc) Importer(815301076,1909f56bfc062723c751e8b465ee728b)  -> (artifact id: 'f87869de0642a223a3424a67ac7a0647') in 0.015907 seconds 
  Import took 0.018451 seconds .

========================================================================
Received Import Request.
  Time since last request: 411.341401 seconds.
  path: Assets/Scenes/StandingFemaleModel.unity
  artifactKey: Guid(7cbfe668894564da3b2699bff3d5f582) Importer(815301076,1909f56bfc062723c751e8b465ee728b)
Start importing Assets/Scenes/StandingFemaleModel.unity using Guid(7cbfe668894564da3b2699bff3d5f582) Importer(815301076,1909f56bfc062723c751e8b465ee728b)  -> (artifact id: '91796b8543cccc1629fea5a512fbe11a') in 0.004567 seconds 
  Import took 0.008158 seconds .

========================================================================
Received Import Request.
  Time since last request: 136.827825 seconds.
  path: Assets/Models
  artifactKey: Guid(3174a1cad069848baa1f635b46bffaec) Importer(815301076,1909f56bfc062723c751e8b465ee728b)
Start importing Assets/Models using Guid(3174a1cad069848baa1f635b46bffaec) Importer(815301076,1909f56bfc062723c751e8b465ee728b)  -> (artifact id: 'ed67fea05bf9a0f96e909c3cf4989bad') in 0.003275 seconds 
  Import took 0.007670 seconds .

========================================================================
Received Import Request.
  Time since last request: 12.799658 seconds.
  path: Assets/Models/mean_model (1).obj
  artifactKey: Guid(c7938fe99c10443c19729f5bd9991931) Importer(815301076,1909f56bfc062723c751e8b465ee728b)
Start importing Assets/Models/mean_model (1).obj using Guid(c7938fe99c10443c19729f5bd9991931) Importer(815301076,1909f56bfc062723c751e8b465ee728b)  -> (artifact id: '8a750d01262378485f01ac7abfe0e261') in 1.372206 seconds 
  Import took 1.378248 seconds .

========================================================================
Received Import Request.
  Time since last request: 209.414711 seconds.
  path: Assets/Materials
  artifactKey: Guid(3f92c26632428468391e4b2d50c5a52c) Importer(815301076,1909f56bfc062723c751e8b465ee728b)
Start importing Assets/Materials using Guid(3f92c26632428468391e4b2d50c5a52c) Importer(815301076,1909f56bfc062723c751e8b465ee728b)  -> (artifact id: 'bea3b45e56a27d67c4cdd1df6ae1a933') in 0.004103 seconds 
  Import took 0.008270 seconds .

========================================================================
Received Import Request.
  Time since last request: 4.707759 seconds.
  path: Assets/Materials/New Material.mat
  artifactKey: Guid(0d52e209f44334a98973c1bea92290e3) Importer(815301076,1909f56bfc062723c751e8b465ee728b)
Start importing Assets/Materials/New Material.mat using Guid(0d52e209f44334a98973c1bea92290e3) Importer(815301076,1909f56bfc062723c751e8b465ee728b)  -> (artifact id: '87b6ebd81ad7d271f656adde17f59aba') in 0.360863 seconds 
  Import took 0.366655 seconds .

========================================================================
Received Prepare
Registering precompiled user dll's ...
Registered in 0.008597 seconds.
Begin MonoManager ReloadAssembly
Native extension for OSXStandalone target not found
Refreshing native plugins compatible for Editor in 0.65 ms, found 2 plugins.
Preloading 0 native plugins for Editor in 0.00 ms.
2022-08-16 14:46:36.986 Unity[6739:308070] NSEventModifierFlagFunction specified to -setKeyEquivalentModifierMask: for item <NSMenuItem: 0x600000611ff0 Font Asset, ke='Command-F12'>, but is only supported for system-provided menu items; will not be used
Mono: successfully reloaded assembly
- Completed reload, in  2.735 seconds
Domain Reload Profiling:
	ReloadAssembly (2736ms)
		BeginReloadAssembly (244ms)
			ExecutionOrderSort (0ms)
			DisableScriptedObjects (15ms)
			BackupInstance (0ms)
			ReleaseScriptingObjects (0ms)
			CreateAndSetChildDomain (107ms)
		EndReloadAssembly (2359ms)
			LoadAssemblies (171ms)
			RebuildTransferFunctionScriptingTraits (0ms)
			SetupTypeCache (775ms)
			ReleaseScriptCaches (1ms)
			RebuildScriptCaches (71ms)
			SetupLoadedEditorAssemblies (1114ms)
				LogAssemblyErrors (0ms)
				InitializePlatformSupportModulesInManaged (10ms)
				SetLoadedEditorAssemblies (1ms)
				RefreshPlugins (1ms)
				BeforeProcessingInitializeOnLoad (313ms)
				ProcessInitializeOnLoadAttributes (750ms)
				ProcessInitializeOnLoadMethodAttributes (32ms)
				AfterProcessingInitializeOnLoad (5ms)
				EditorAssembliesLoaded (1ms)
			ExecutionOrderSort2 (0ms)
			AwakeInstancesAfterBackupRestoration (22ms)
Platform modules already initialized, skipping
Script is not up to date after domain reload: guid(a4ebbdc2cada6476abb2ad4e5ef9a46d) path("Assets/Scripts/SliderAdjust.cs") state(2)
Refreshing native plugins compatible for Editor in 0.82 ms, found 2 plugins.
Preloading 0 native plugins for Editor in 0.00 ms.
Unloading 1496 Unused Serialized files (Serialized files now loaded: 0)
System memory in use before: 214.5 MB.
System memory in use after: 214.6 MB.

Unloading 14 unused Assets to reduce memory usage. Loaded Objects now: 2046.
Total: 8.449518 ms (FindLiveObjects: 0.314057 ms CreateObjectMapping: 0.124435 ms MarkObjects: 7.948917 ms  DeleteObjects: 0.058507 ms)

AssetImportParameters requested are different than current active one (requested -> active):
  custom:video-decoder-ogg-theora: a1e56fd34408186e4bbccfd4996cb3dc -> 
  custom:container-muxer-webm: aa71ff27fc2769a1b78a27578f13a17b -> 
  custom:container-demuxer-webm: 4f35f7cbe854078d1ac9338744f61a02 -> 
  custom:container-demuxer-ogg: 62fdf1f143b41e24485cea50d1cbac27 -> 
  custom:video-encoder-webm-vp8: eb34c28f22e8b96e1ab97ce403110664 -> 
  custom:framework-osx-AVFoundation: e770b220cccbd017edd2c1fefb359320 -> 
  custom:video-decoder-webm-vp8: 9c59270c3fd7afecdb556c50c9e8de78 -> 
  custom:audio-decoder-ogg-vorbis: bf7c407c2cedff20999df2af8eb42d56 -> 
  custom:audio-encoder-webm-vorbis: bf7c407c2cedff20999df2af8eb42d56 -> 
========================================================================
Received Prepare
Registering precompiled user dll's ...
Registered in 0.003076 seconds.
Begin MonoManager ReloadAssembly
Native extension for OSXStandalone target not found
Refreshing native plugins compatible for Editor in 0.57 ms, found 2 plugins.
Preloading 0 native plugins for Editor in 0.00 ms.
2022-08-16 14:46:46.684 Unity[6739:308070] NSEventModifierFlagFunction specified to -setKeyEquivalentModifierMask: for item <NSMenuItem: 0x6000006860d0 Font Asset, ke='Command-F12'>, but is only supported for system-provided menu items; will not be used
Mono: successfully reloaded assembly
- Completed reload, in  2.977 seconds
Domain Reload Profiling:
	ReloadAssembly (2978ms)
		BeginReloadAssembly (256ms)
			ExecutionOrderSort (0ms)
			DisableScriptedObjects (12ms)
			BackupInstance (0ms)
			ReleaseScriptingObjects (0ms)
			CreateAndSetChildDomain (98ms)
		EndReloadAssembly (2522ms)
			LoadAssemblies (225ms)
			RebuildTransferFunctionScriptingTraits (0ms)
			SetupTypeCache (945ms)
			ReleaseScriptCaches (2ms)
			RebuildScriptCaches (114ms)
			SetupLoadedEditorAssemblies (924ms)
				LogAssemblyErrors (0ms)
				InitializePlatformSupportModulesInManaged (11ms)
				SetLoadedEditorAssemblies (1ms)
				RefreshPlugins (1ms)
				BeforeProcessingInitializeOnLoad (267ms)
				ProcessInitializeOnLoadAttributes (614ms)
				ProcessInitializeOnLoadMethodAttributes (24ms)
				AfterProcessingInitializeOnLoad (4ms)
				EditorAssembliesLoaded (1ms)
			ExecutionOrderSort2 (0ms)
			AwakeInstancesAfterBackupRestoration (24ms)
Platform modules already initialized, skipping
Refreshing native plugins compatible for Editor in 0.64 ms, found 2 plugins.
Preloading 0 native plugins for Editor in 0.00 ms.
Unloading 1497 Unused Serialized files (Serialized files now loaded: 0)
System memory in use before: 214.8 MB.
System memory in use after: 214.9 MB.

Unloading 14 unused Assets to reduce memory usage. Loaded Objects now: 2049.
Total: 6.415728 ms (FindLiveObjects: 0.231439 ms CreateObjectMapping: 0.088151 ms MarkObjects: 6.055122 ms  DeleteObjects: 0.038823 ms)

AssetImportParameters requested are different than current active one (requested -> active):
  custom:video-decoder-ogg-theora: a1e56fd34408186e4bbccfd4996cb3dc -> 
  custom:container-muxer-webm: aa71ff27fc2769a1b78a27578f13a17b -> 
  custom:container-demuxer-webm: 4f35f7cbe854078d1ac9338744f61a02 -> 
  custom:container-demuxer-ogg: 62fdf1f143b41e24485cea50d1cbac27 -> 
  custom:video-encoder-webm-vp8: eb34c28f22e8b96e1ab97ce403110664 -> 
  custom:framework-osx-AVFoundation: e770b220cccbd017edd2c1fefb359320 -> 
  custom:video-decoder-webm-vp8: 9c59270c3fd7afecdb556c50c9e8de78 -> 
  custom:audio-decoder-ogg-vorbis: bf7c407c2cedff20999df2af8eb42d56 -> 
  custom:audio-encoder-webm-vorbis: bf7c407c2cedff20999df2af8eb42d56 -> 
========================================================================
Received Import Request.
  Time since last request: 580.972921 seconds.
  path: Assets/Scenes/ContactUs.unity
  artifactKey: Guid(637b4b93fc8f54230bc9059934b8cc95) Importer(815301076,1909f56bfc062723c751e8b465ee728b)
Start importing Assets/Scenes/ContactUs.unity using Guid(637b4b93fc8f54230bc9059934b8cc95) Importer(815301076,1909f56bfc062723c751e8b465ee728b)  -> (artifact id: '5a66721d541f734b41506b40a82882cc') in 0.019240 seconds 
  Import took 0.023861 seconds .

========================================================================
Received Import Request.
  Time since last request: 5.885485 seconds.
  path: Assets/Scenes/About.unity
  artifactKey: Guid(3afd91cb3716b4990acbc81bcc102837) Importer(815301076,1909f56bfc062723c751e8b465ee728b)
Start importing Assets/Scenes/About.unity using Guid(3afd91cb3716b4990acbc81bcc102837) Importer(815301076,1909f56bfc062723c751e8b465ee728b)  -> (artifact id: 'b86c2c58b5d9718018a7d48259bb88fa') in 0.002258 seconds 
  Import took 0.005844 seconds .

========================================================================
Received Import Request.
  Time since last request: 2.815728 seconds.
  path: Assets/Scenes/HowTo.unity
  artifactKey: Guid(19e05e4cea89c44589330da23711a16b) Importer(815301076,1909f56bfc062723c751e8b465ee728b)
Start importing Assets/Scenes/HowTo.unity using Guid(19e05e4cea89c44589330da23711a16b) Importer(815301076,1909f56bfc062723c751e8b465ee728b)  -> (artifact id: '4905e127cfe3193dc76f999127d92bbe') in 0.002237 seconds 
  Import took 0.005812 seconds .

========================================================================
Received Import Request.
  Time since last request: 84.917034 seconds.
  path: Assets/Scenes/StandingFemaleModel.unity
  artifactKey: Guid(7cbfe668894564da3b2699bff3d5f582) Importer(815301076,1909f56bfc062723c751e8b465ee728b)
Start importing Assets/Scenes/StandingFemaleModel.unity using Guid(7cbfe668894564da3b2699bff3d5f582) Importer(815301076,1909f56bfc062723c751e8b465ee728b)  -> (artifact id: '8d9f3cff17640f896d7aac176f5e8db2') in 0.002234 seconds 
  Import took 0.007069 seconds .

========================================================================
Received Import Request.
  Time since last request: 426.476698 seconds.
  path: Assets/Scenes/HomePage.unity
  artifactKey: Guid(9fc0d4010bbf28b4594072e72b8655ab) Importer(815301076,1909f56bfc062723c751e8b465ee728b)
Start importing Assets/Scenes/HomePage.unity using Guid(9fc0d4010bbf28b4594072e72b8655ab) Importer(815301076,1909f56bfc062723c751e8b465ee728b)  -> (artifact id: '4247a8fecbd4d272ac80211386cf40fd') in 0.003793 seconds 
  Import took 0.010369 seconds .

========================================================================
Received Import Request.
  Time since last request: 742.601693 seconds.
  path: Assets/Scenes/Models.unity
  artifactKey: Guid(f3f9560ddc29a4b22a4d4ba363a2a5c1) Importer(815301076,1909f56bfc062723c751e8b465ee728b)
Start importing Assets/Scenes/Models.unity using Guid(f3f9560ddc29a4b22a4d4ba363a2a5c1) Importer(815301076,1909f56bfc062723c751e8b465ee728b)  -> (artifact id: '9543929a4b5e1360e4adecf0779e3e18') in 0.002939 seconds 
  Import took 0.014706 seconds .

========================================================================
Received Import Request.
  Time since last request: 27.483485 seconds.
  path: Assets/Scenes/StandingFemaleModel.unity
  artifactKey: Guid(7cbfe668894564da3b2699bff3d5f582) Importer(815301076,1909f56bfc062723c751e8b465ee728b)
Start importing Assets/Scenes/StandingFemaleModel.unity using Guid(7cbfe668894564da3b2699bff3d5f582) Importer(815301076,1909f56bfc062723c751e8b465ee728b)  -> (artifact id: 'de2cd28cd740564d38ec04e87f31ef0e') in 0.002364 seconds 
  Import took 0.007817 seconds .

========================================================================
Received Prepare
Registering precompiled user dll's ...
Registered in 0.006178 seconds.
Begin MonoManager ReloadAssembly
Native extension for OSXStandalone target not found
Refreshing native plugins compatible for Editor in 0.45 ms, found 2 plugins.
Preloading 0 native plugins for Editor in 0.00 ms.
2022-08-16 15:19:54.444 Unity[6739:308070] NSEventModifierFlagFunction specified to -setKeyEquivalentModifierMask: for item <NSMenuItem: 0x6000006a4cb0 Font Asset, ke='Command-F12'>, but is only supported for system-provided menu items; will not be used
Mono: successfully reloaded assembly
- Completed reload, in  1.926 seconds
Domain Reload Profiling:
	ReloadAssembly (1927ms)
		BeginReloadAssembly (172ms)
			ExecutionOrderSort (0ms)
			DisableScriptedObjects (10ms)
			BackupInstance (0ms)
			ReleaseScriptingObjects (0ms)
			CreateAndSetChildDomain (71ms)
		EndReloadAssembly (1628ms)
			LoadAssemblies (137ms)
			RebuildTransferFunctionScriptingTraits (0ms)
			SetupTypeCache (601ms)
			ReleaseScriptCaches (1ms)
			RebuildScriptCaches (89ms)
			SetupLoadedEditorAssemblies (606ms)
				LogAssemblyErrors (0ms)
				InitializePlatformSupportModulesInManaged (9ms)
				SetLoadedEditorAssemblies (1ms)
				RefreshPlugins (1ms)
				BeforeProcessingInitializeOnLoad (194ms)
				ProcessInitializeOnLoadAttributes (384ms)
				ProcessInitializeOnLoadMethodAttributes (14ms)
				AfterProcessingInitializeOnLoad (3ms)
				EditorAssembliesLoaded (0ms)
			ExecutionOrderSort2 (0ms)
			AwakeInstancesAfterBackupRestoration (10ms)
Platform modules already initialized, skipping
Refreshing native plugins compatible for Editor in 0.47 ms, found 2 plugins.
Preloading 0 native plugins for Editor in 0.00 ms.
Unloading 1497 Unused Serialized files (Serialized files now loaded: 0)
System memory in use before: 215.0 MB.
System memory in use after: 215.1 MB.

Unloading 14 unused Assets to reduce memory usage. Loaded Objects now: 2051.
Total: 4.232821 ms (FindLiveObjects: 0.181122 ms CreateObjectMapping: 0.067645 ms MarkObjects: 3.954296 ms  DeleteObjects: 0.028112 ms)

AssetImportParameters requested are different than current active one (requested -> active):
  custom:video-decoder-ogg-theora: a1e56fd34408186e4bbccfd4996cb3dc -> 
  custom:container-muxer-webm: aa71ff27fc2769a1b78a27578f13a17b -> 
  custom:container-demuxer-webm: 4f35f7cbe854078d1ac9338744f61a02 -> 
  custom:container-demuxer-ogg: 62fdf1f143b41e24485cea50d1cbac27 -> 
  custom:video-encoder-webm-vp8: eb34c28f22e8b96e1ab97ce403110664 -> 
  custom:framework-osx-AVFoundation: e770b220cccbd017edd2c1fefb359320 -> 
  custom:video-decoder-webm-vp8: 9c59270c3fd7afecdb556c50c9e8de78 -> 
  custom:audio-decoder-ogg-vorbis: bf7c407c2cedff20999df2af8eb42d56 -> 
  custom:audio-encoder-webm-vorbis: bf7c407c2cedff20999df2af8eb42d56 -> 
========================================================================
Received Import Request.
  Time since last request: 82725.071214 seconds.
  path: Assets/Images/Screen_Shot_2022-08-17_at_8.28.45_PM-removebg-preview.png
  artifactKey: Guid(a6fd630ee40bb4ebe9b361a4b4a2212b) Importer(815301076,1909f56bfc062723c751e8b465ee728b)
Start importing Assets/Images/Screen_Shot_2022-08-17_at_8.28.45_PM-removebg-preview.png using Guid(a6fd630ee40bb4ebe9b361a4b4a2212b) Importer(815301076,1909f56bfc062723c751e8b465ee728b)  -> (artifact id: 'b9373cae061e6e1525150866b6786d8f') in 0.362877 seconds 
  Import took 0.475763 seconds .

========================================================================
Received Import Request.
  Time since last request: 9.038691 seconds.
  path: Assets/Images/Screen_Shot_2022-08-17_at_8.28.45_PM-removebg-preview.png
  artifactKey: Guid(a6fd630ee40bb4ebe9b361a4b4a2212b) Importer(815301076,1909f56bfc062723c751e8b465ee728b)
Start importing Assets/Images/Screen_Shot_2022-08-17_at_8.28.45_PM-removebg-preview.png using Guid(a6fd630ee40bb4ebe9b361a4b4a2212b) Importer(815301076,1909f56bfc062723c751e8b465ee728b)  -> (artifact id: 'c6a26857b6460ccd52f125d1aaa828c9') in 0.059875 seconds 
  Import took 0.064218 seconds .

========================================================================
Received Import Request.
  Time since last request: 188.053599 seconds.
  path: Assets/Images/Screen_Shot_2022-08-17_at_8.28.13_PM-removebg-preview.png
  artifactKey: Guid(2cccdd1801310405ba917ffba3fbbf26) Importer(815301076,1909f56bfc062723c751e8b465ee728b)
Start importing Assets/Images/Screen_Shot_2022-08-17_at_8.28.13_PM-removebg-preview.png using Guid(2cccdd1801310405ba917ffba3fbbf26) Importer(815301076,1909f56bfc062723c751e8b465ee728b)  -> (artifact id: 'ec00cd484f13cfa2a3ac400f443e482c') in 0.006999 seconds 
  Import took 0.010346 seconds .

========================================================================
Received Import Request.
  Time since last request: 16.218838 seconds.
  path: Assets/Images/Screen_Shot_2022-08-17_at_8.28.13_PM-removebg-preview.png
  artifactKey: Guid(2cccdd1801310405ba917ffba3fbbf26) Importer(815301076,1909f56bfc062723c751e8b465ee728b)
Start importing Assets/Images/Screen_Shot_2022-08-17_at_8.28.13_PM-removebg-preview.png using Guid(2cccdd1801310405ba917ffba3fbbf26) Importer(815301076,1909f56bfc062723c751e8b465ee728b)  -> (artifact id: '2dce3bf27ff783596e2f14f7e3da589b') in 0.014687 seconds 
  Import took 0.021053 seconds .

========================================================================
Received Import Request.
  Time since last request: 94.390806 seconds.
  path: Assets/Images/Screen_Shot_2022-08-17_at_8.28.34_PM-removebg-preview.png
  artifactKey: Guid(5127160571f004765b94673772ff3621) Importer(815301076,1909f56bfc062723c751e8b465ee728b)
Start importing Assets/Images/Screen_Shot_2022-08-17_at_8.28.34_PM-removebg-preview.png using Guid(5127160571f004765b94673772ff3621) Importer(815301076,1909f56bfc062723c751e8b465ee728b)  -> (artifact id: 'edf03c6227ad5857b3f45e6f22bbd3b2') in 0.008373 seconds 
  Import took 0.012224 seconds .

========================================================================
Received Import Request.
  Time since last request: 13.108552 seconds.
  path: Assets/Images/Screen_Shot_2022-08-17_at_8.28.34_PM-removebg-preview.png
  artifactKey: Guid(5127160571f004765b94673772ff3621) Importer(815301076,1909f56bfc062723c751e8b465ee728b)
Start importing Assets/Images/Screen_Shot_2022-08-17_at_8.28.34_PM-removebg-preview.png using Guid(5127160571f004765b94673772ff3621) Importer(815301076,1909f56bfc062723c751e8b465ee728b)  -> (artifact id: 'b6fa1bf4be36b4d780ffa5c88a94f44a') in 0.014768 seconds 
  Import took 0.019149 seconds .

========================================================================
Received Import Request.
  Time since last request: 323.484527 seconds.
  path: Assets/Images/Screen_Shot_2022-08-17_at_8.39.06_PM-removebg-preview.png
  artifactKey: Guid(2469384c6630547eda765178808d7037) Importer(815301076,1909f56bfc062723c751e8b465ee728b)
Start importing Assets/Images/Screen_Shot_2022-08-17_at_8.39.06_PM-removebg-preview.png using Guid(2469384c6630547eda765178808d7037) Importer(815301076,1909f56bfc062723c751e8b465ee728b)  -> (artifact id: '81808c70c36219c93629eedc04819579') in 0.007068 seconds 
  Import took 0.009457 seconds .

========================================================================
Received Import Request.
  Time since last request: 15.468823 seconds.
  path: Assets/Images/Screen_Shot_2022-08-17_at_8.39.06_PM-removebg-preview.png
  artifactKey: Guid(2469384c6630547eda765178808d7037) Importer(815301076,1909f56bfc062723c751e8b465ee728b)
Start importing Assets/Images/Screen_Shot_2022-08-17_at_8.39.06_PM-removebg-preview.png using Guid(2469384c6630547eda765178808d7037) Importer(815301076,1909f56bfc062723c751e8b465ee728b)  -> (artifact id: 'ee854090886a647f3f60ff4f65ed6249') in 0.015430 seconds 
  Import took 0.018354 seconds .

========================================================================
Received Prepare
Registering precompiled user dll's ...
Registered in 0.004919 seconds.
Begin MonoManager ReloadAssembly
Native extension for OSXStandalone target not found
Refreshing native plugins compatible for Editor in 0.33 ms, found 2 plugins.
Preloading 0 native plugins for Editor in 0.00 ms.
2022-08-17 20:46:13.677 Unity[6739:308070] NSEventModifierFlagFunction specified to -setKeyEquivalentModifierMask: for item <NSMenuItem: 0x600000691420 Font Asset, ke='Command-F12'>, but is only supported for system-provided menu items; will not be used
Mono: successfully reloaded assembly
- Completed reload, in  1.182 seconds
Domain Reload Profiling:
	ReloadAssembly (1183ms)
		BeginReloadAssembly (189ms)
			ExecutionOrderSort (0ms)
			DisableScriptedObjects (6ms)
			BackupInstance (0ms)
			ReleaseScriptingObjects (0ms)
			CreateAndSetChildDomain (115ms)
		EndReloadAssembly (927ms)
			LoadAssemblies (83ms)
			RebuildTransferFunctionScriptingTraits (0ms)
			SetupTypeCache (340ms)
			ReleaseScriptCaches (1ms)
			RebuildScriptCaches (44ms)
			SetupLoadedEditorAssemblies (337ms)
				LogAssemblyErrors (0ms)
				InitializePlatformSupportModulesInManaged (5ms)
				SetLoadedEditorAssemblies (1ms)
				RefreshPlugins (0ms)
				BeforeProcessingInitializeOnLoad (111ms)
				ProcessInitializeOnLoadAttributes (208ms)
				ProcessInitializeOnLoadMethodAttributes (9ms)
				AfterProcessingInitializeOnLoad (2ms)
				EditorAssembliesLoaded (0ms)
			ExecutionOrderSort2 (0ms)
			AwakeInstancesAfterBackupRestoration (7ms)
Platform modules already initialized, skipping
Refreshing native plugins compatible for Editor in 0.44 ms, found 2 plugins.
Preloading 0 native plugins for Editor in 0.00 ms.
Unloading 1497 Unused Serialized files (Serialized files now loaded: 0)
System memory in use before: 215.3 MB.
System memory in use after: 215.4 MB.

Unloading 14 unused Assets to reduce memory usage. Loaded Objects now: 2063.
Total: 2.648030 ms (FindLiveObjects: 0.160412 ms CreateObjectMapping: 0.042075 ms MarkObjects: 2.410160 ms  DeleteObjects: 0.034113 ms)

AssetImportParameters requested are different than current active one (requested -> active):
  custom:video-decoder-ogg-theora: a1e56fd34408186e4bbccfd4996cb3dc -> 
  custom:container-muxer-webm: aa71ff27fc2769a1b78a27578f13a17b -> 
  custom:container-demuxer-webm: 4f35f7cbe854078d1ac9338744f61a02 -> 
  custom:container-demuxer-ogg: 62fdf1f143b41e24485cea50d1cbac27 -> 
  custom:video-encoder-webm-vp8: eb34c28f22e8b96e1ab97ce403110664 -> 
  custom:framework-osx-AVFoundation: e770b220cccbd017edd2c1fefb359320 -> 
  custom:video-decoder-webm-vp8: 9c59270c3fd7afecdb556c50c9e8de78 -> 
  custom:audio-decoder-ogg-vorbis: bf7c407c2cedff20999df2af8eb42d56 -> 
  custom:audio-encoder-webm-vorbis: bf7c407c2cedff20999df2af8eb42d56 -> 
========================================================================
Received Import Request.
  Time since last request: 340.035681 seconds.
  path: Assets/Images/Screen_Shot_2022-08-17_at_8.45.23_PM-removebg-preview.png
  artifactKey: Guid(4da0a0da15a3942be9801fb4706bf76b) Importer(815301076,1909f56bfc062723c751e8b465ee728b)
Start importing Assets/Images/Screen_Shot_2022-08-17_at_8.45.23_PM-removebg-preview.png using Guid(4da0a0da15a3942be9801fb4706bf76b) Importer(815301076,1909f56bfc062723c751e8b465ee728b)  -> (artifact id: '8388f3ba546d47082516c89ae5df1f4b') in 0.035337 seconds 
  Import took 0.038064 seconds .

========================================================================
Received Import Request.
  Time since last request: 14.277377 seconds.
  path: Assets/Images/Screen_Shot_2022-08-17_at_8.45.23_PM-removebg-preview.png
  artifactKey: Guid(4da0a0da15a3942be9801fb4706bf76b) Importer(815301076,1909f56bfc062723c751e8b465ee728b)
Start importing Assets/Images/Screen_Shot_2022-08-17_at_8.45.23_PM-removebg-preview.png using Guid(4da0a0da15a3942be9801fb4706bf76b) Importer(815301076,1909f56bfc062723c751e8b465ee728b)  -> (artifact id: 'a23f59541a0c47e9b58fc8232cd9c569') in 0.035058 seconds 
  Import took 0.038732 seconds .

========================================================================
Received Import Request.
  Time since last request: 277.010611 seconds.
  path: Assets/Images/Screen_Shot_2022-08-17_at_8.49.13_PM-removebg-preview.png
  artifactKey: Guid(f8b4d282fa7bc4853bf8d1027d1ca2cb) Importer(815301076,1909f56bfc062723c751e8b465ee728b)
Start importing Assets/Images/Screen_Shot_2022-08-17_at_8.49.13_PM-removebg-preview.png using Guid(f8b4d282fa7bc4853bf8d1027d1ca2cb) Importer(815301076,1909f56bfc062723c751e8b465ee728b)  -> (artifact id: '26da88c5436e8fc49f9b9134172465cf') in 0.011257 seconds 
  Import took 0.015173 seconds .

========================================================================
Received Import Request.
  Time since last request: 12.800365 seconds.
  path: Assets/Images/Screen_Shot_2022-08-17_at_8.49.13_PM-removebg-preview.png
  artifactKey: Guid(f8b4d282fa7bc4853bf8d1027d1ca2cb) Importer(815301076,1909f56bfc062723c751e8b465ee728b)
Start importing Assets/Images/Screen_Shot_2022-08-17_at_8.49.13_PM-removebg-preview.png using Guid(f8b4d282fa7bc4853bf8d1027d1ca2cb) Importer(815301076,1909f56bfc062723c751e8b465ee728b)  -> (artifact id: '80eefd75115d77e5c167fb95c1848bf4') in 0.011750 seconds 
  Import took 0.015019 seconds .

========================================================================
Received Import Request.
  Time since last request: 147.912739 seconds.
  path: Assets/Images/Screen_Shot_2022-08-17_at_8.53.18_PM-removebg-preview.png
  artifactKey: Guid(68b186b709a42440b8f1d7179027d307) Importer(815301076,1909f56bfc062723c751e8b465ee728b)
Start importing Assets/Images/Screen_Shot_2022-08-17_at_8.53.18_PM-removebg-preview.png using Guid(68b186b709a42440b8f1d7179027d307) Importer(815301076,1909f56bfc062723c751e8b465ee728b)  -> (artifact id: '0fc0550a7c2064107178d335ea0685da') in 0.007289 seconds 
  Import took 0.010656 seconds .

========================================================================
Received Import Request.
  Time since last request: 11.052462 seconds.
  path: Assets/Images/Screen_Shot_2022-08-17_at_8.53.18_PM-removebg-preview.png
  artifactKey: Guid(68b186b709a42440b8f1d7179027d307) Importer(815301076,1909f56bfc062723c751e8b465ee728b)
Start importing Assets/Images/Screen_Shot_2022-08-17_at_8.53.18_PM-removebg-preview.png using Guid(68b186b709a42440b8f1d7179027d307) Importer(815301076,1909f56bfc062723c751e8b465ee728b)  -> (artifact id: '4c2e798acdfd1ce577234045195a3d64') in 0.015401 seconds 
  Import took 0.019952 seconds .

========================================================================
Received Prepare
Registering precompiled user dll's ...
Registered in 0.002491 seconds.
Begin MonoManager ReloadAssembly
Native extension for OSXStandalone target not found
Refreshing native plugins compatible for Editor in 0.40 ms, found 2 plugins.
Preloading 0 native plugins for Editor in 0.00 ms.
2022-08-17 20:56:21.357 Unity[6739:308070] NSEventModifierFlagFunction specified to -setKeyEquivalentModifierMask: for item <NSMenuItem: 0x6000006fcd20 Font Asset, ke='Command-F12'>, but is only supported for system-provided menu items; will not be used
Mono: successfully reloaded assembly
- Completed reload, in  1.136 seconds
Domain Reload Profiling:
	ReloadAssembly (1137ms)
		BeginReloadAssembly (101ms)
			ExecutionOrderSort (0ms)
			DisableScriptedObjects (4ms)
			BackupInstance (0ms)
			ReleaseScriptingObjects (0ms)
			CreateAndSetChildDomain (39ms)
		EndReloadAssembly (960ms)
			LoadAssemblies (77ms)
			RebuildTransferFunctionScriptingTraits (0ms)
			SetupTypeCache (337ms)
			ReleaseScriptCaches (1ms)
			RebuildScriptCaches (53ms)
			SetupLoadedEditorAssemblies (364ms)
				LogAssemblyErrors (0ms)
				InitializePlatformSupportModulesInManaged (4ms)
				SetLoadedEditorAssemblies (1ms)
				RefreshPlugins (0ms)
				BeforeProcessingInitializeOnLoad (126ms)
				ProcessInitializeOnLoadAttributes (221ms)
				ProcessInitializeOnLoadMethodAttributes (10ms)
				AfterProcessingInitializeOnLoad (1ms)
				EditorAssembliesLoaded (0ms)
			ExecutionOrderSort2 (0ms)
			AwakeInstancesAfterBackupRestoration (7ms)
Platform modules already initialized, skipping
Refreshing native plugins compatible for Editor in 0.33 ms, found 2 plugins.
Preloading 0 native plugins for Editor in 0.00 ms.
Unloading 1497 Unused Serialized files (Serialized files now loaded: 0)
System memory in use before: 215.5 MB.
System memory in use after: 215.6 MB.

Unloading 14 unused Assets to reduce memory usage. Loaded Objects now: 2071.
Total: 2.403156 ms (FindLiveObjects: 0.117845 ms CreateObjectMapping: 0.035540 ms MarkObjects: 2.233338 ms  DeleteObjects: 0.015714 ms)

AssetImportParameters requested are different than current active one (requested -> active):
  custom:video-decoder-ogg-theora: a1e56fd34408186e4bbccfd4996cb3dc -> 
  custom:container-muxer-webm: aa71ff27fc2769a1b78a27578f13a17b -> 
  custom:container-demuxer-webm: 4f35f7cbe854078d1ac9338744f61a02 -> 
  custom:container-demuxer-ogg: 62fdf1f143b41e24485cea50d1cbac27 -> 
  custom:video-encoder-webm-vp8: eb34c28f22e8b96e1ab97ce403110664 -> 
  custom:framework-osx-AVFoundation: e770b220cccbd017edd2c1fefb359320 -> 
  custom:video-decoder-webm-vp8: 9c59270c3fd7afecdb556c50c9e8de78 -> 
  custom:audio-decoder-ogg-vorbis: bf7c407c2cedff20999df2af8eb42d56 -> 
  custom:audio-encoder-webm-vorbis: bf7c407c2cedff20999df2af8eb42d56 -> 
========================================================================
Received Prepare
Registering precompiled user dll's ...
Registered in 0.001663 seconds.
Begin MonoManager ReloadAssembly
Native extension for OSXStandalone target not found
Refreshing native plugins compatible for Editor in 0.36 ms, found 2 plugins.
Preloading 0 native plugins for Editor in 0.00 ms.
2022-08-17 21:03:47.631 Unity[6739:308070] NSEventModifierFlagFunction specified to -setKeyEquivalentModifierMask: for item <NSMenuItem: 0x600000697800 Font Asset, ke='Command-F12'>, but is only supported for system-provided menu items; will not be used
Mono: successfully reloaded assembly
- Completed reload, in  1.014 seconds
Domain Reload Profiling:
	ReloadAssembly (1015ms)
		BeginReloadAssembly (96ms)
			ExecutionOrderSort (0ms)
			DisableScriptedObjects (5ms)
			BackupInstance (0ms)
			ReleaseScriptingObjects (0ms)
			CreateAndSetChildDomain (37ms)
		EndReloadAssembly (856ms)
			LoadAssemblies (71ms)
			RebuildTransferFunctionScriptingTraits (0ms)
			SetupTypeCache (302ms)
			ReleaseScriptCaches (1ms)
			RebuildScriptCaches (45ms)
			SetupLoadedEditorAssemblies (326ms)
				LogAssemblyErrors (0ms)
				InitializePlatformSupportModulesInManaged (4ms)
				SetLoadedEditorAssemblies (1ms)
				RefreshPlugins (0ms)
				BeforeProcessingInitializeOnLoad (105ms)
				ProcessInitializeOnLoadAttributes (205ms)
				ProcessInitializeOnLoadMethodAttributes (9ms)
				AfterProcessingInitializeOnLoad (1ms)
				EditorAssembliesLoaded (0ms)
			ExecutionOrderSort2 (0ms)
			AwakeInstancesAfterBackupRestoration (7ms)
Platform modules already initialized, skipping
Refreshing native plugins compatible for Editor in 0.35 ms, found 2 plugins.
Preloading 0 native plugins for Editor in 0.00 ms.
Unloading 1497 Unused Serialized files (Serialized files now loaded: 0)
System memory in use before: 215.7 MB.
System memory in use after: 215.8 MB.

Unloading 14 unused Assets to reduce memory usage. Loaded Objects now: 2073.
Total: 2.555653 ms (FindLiveObjects: 0.127518 ms CreateObjectMapping: 0.043558 ms MarkObjects: 2.364040 ms  DeleteObjects: 0.019295 ms)

AssetImportParameters requested are different than current active one (requested -> active):
  custom:video-decoder-ogg-theora: a1e56fd34408186e4bbccfd4996cb3dc -> 
  custom:container-muxer-webm: aa71ff27fc2769a1b78a27578f13a17b -> 
  custom:container-demuxer-webm: 4f35f7cbe854078d1ac9338744f61a02 -> 
  custom:container-demuxer-ogg: 62fdf1f143b41e24485cea50d1cbac27 -> 
  custom:video-encoder-webm-vp8: eb34c28f22e8b96e1ab97ce403110664 -> 
  custom:framework-osx-AVFoundation: e770b220cccbd017edd2c1fefb359320 -> 
  custom:video-decoder-webm-vp8: 9c59270c3fd7afecdb556c50c9e8de78 -> 
  custom:audio-decoder-ogg-vorbis: bf7c407c2cedff20999df2af8eb42d56 -> 
  custom:audio-encoder-webm-vorbis: bf7c407c2cedff20999df2af8eb42d56 -> 
========================================================================
Received Import Request.
  Time since last request: 667.548436 seconds.
  path: Assets/Images/Screen_Shot_2022-08-17_at_9.04.15_PM-removebg-preview (1).png
  artifactKey: Guid(10c19a9e375ec48f4b8c5d593b7adb5b) Importer(815301076,1909f56bfc062723c751e8b465ee728b)
Start importing Assets/Images/Screen_Shot_2022-08-17_at_9.04.15_PM-removebg-preview (1).png using Guid(10c19a9e375ec48f4b8c5d593b7adb5b) Importer(815301076,1909f56bfc062723c751e8b465ee728b)  -> (artifact id: 'd64c509857dee89165e06f91037c0f5e') in 0.034694 seconds 
  Import took 0.038537 seconds .

========================================================================
Received Import Request.
  Time since last request: 11.816548 seconds.
  path: Assets/Images/Screen_Shot_2022-08-17_at_9.04.15_PM-removebg-preview (1).png
  artifactKey: Guid(10c19a9e375ec48f4b8c5d593b7adb5b) Importer(815301076,1909f56bfc062723c751e8b465ee728b)
Start importing Assets/Images/Screen_Shot_2022-08-17_at_9.04.15_PM-removebg-preview (1).png using Guid(10c19a9e375ec48f4b8c5d593b7adb5b) Importer(815301076,1909f56bfc062723c751e8b465ee728b)  -> (artifact id: '42bfca42f33ecfb8cf3fb5d360d31d04') in 0.036328 seconds 
  Import took 0.039911 seconds .

========================================================================
Received Prepare
Registering precompiled user dll's ...
Registered in 0.001932 seconds.
Begin MonoManager ReloadAssembly
Native extension for OSXStandalone target not found
Refreshing native plugins compatible for Editor in 0.36 ms, found 2 plugins.
Preloading 0 native plugins for Editor in 0.00 ms.
2022-08-17 21:08:59.001 Unity[6739:308070] NSEventModifierFlagFunction specified to -setKeyEquivalentModifierMask: for item <NSMenuItem: 0x600000690070 Font Asset, ke='Command-F12'>, but is only supported for system-provided menu items; will not be used
Mono: successfully reloaded assembly
- Completed reload, in  1.025 seconds
Domain Reload Profiling:
	ReloadAssembly (1025ms)
		BeginReloadAssembly (105ms)
			ExecutionOrderSort (0ms)
			DisableScriptedObjects (5ms)
			BackupInstance (0ms)
			ReleaseScriptingObjects (0ms)
			CreateAndSetChildDomain (41ms)
		EndReloadAssembly (857ms)
			LoadAssemblies (71ms)
			RebuildTransferFunctionScriptingTraits (0ms)
			SetupTypeCache (307ms)
			ReleaseScriptCaches (1ms)
			RebuildScriptCaches (45ms)
			SetupLoadedEditorAssemblies (323ms)
				LogAssemblyErrors (0ms)
				InitializePlatformSupportModulesInManaged (4ms)
				SetLoadedEditorAssemblies (1ms)
				RefreshPlugins (0ms)
				BeforeProcessingInitializeOnLoad (106ms)
				ProcessInitializeOnLoadAttributes (200ms)
				ProcessInitializeOnLoadMethodAttributes (9ms)
				AfterProcessingInitializeOnLoad (1ms)
				EditorAssembliesLoaded (0ms)
			ExecutionOrderSort2 (0ms)
			AwakeInstancesAfterBackupRestoration (7ms)
Platform modules already initialized, skipping
Refreshing native plugins compatible for Editor in 0.31 ms, found 2 plugins.
Preloading 0 native plugins for Editor in 0.00 ms.
Unloading 1497 Unused Serialized files (Serialized files now loaded: 0)
System memory in use before: 215.9 MB.
System memory in use after: 216.0 MB.

Unloading 14 unused Assets to reduce memory usage. Loaded Objects now: 2079.
Total: 2.462606 ms (FindLiveObjects: 0.126753 ms CreateObjectMapping: 0.039122 ms MarkObjects: 2.279158 ms  DeleteObjects: 0.016546 ms)

AssetImportParameters requested are different than current active one (requested -> active):
  custom:video-decoder-ogg-theora: a1e56fd34408186e4bbccfd4996cb3dc -> 
  custom:container-muxer-webm: aa71ff27fc2769a1b78a27578f13a17b -> 
  custom:container-demuxer-webm: 4f35f7cbe854078d1ac9338744f61a02 -> 
  custom:container-demuxer-ogg: 62fdf1f143b41e24485cea50d1cbac27 -> 
  custom:video-encoder-webm-vp8: eb34c28f22e8b96e1ab97ce403110664 -> 
  custom:framework-osx-AVFoundation: e770b220cccbd017edd2c1fefb359320 -> 
  custom:video-decoder-webm-vp8: 9c59270c3fd7afecdb556c50c9e8de78 -> 
  custom:audio-decoder-ogg-vorbis: bf7c407c2cedff20999df2af8eb42d56 -> 
  custom:audio-encoder-webm-vorbis: bf7c407c2cedff20999df2af8eb42d56 -> 
========================================================================
Received Import Request.
  Time since last request: 712.807548 seconds.
  path: Assets/Scenes/HomePage.unity
  artifactKey: Guid(9fc0d4010bbf28b4594072e72b8655ab) Importer(815301076,1909f56bfc062723c751e8b465ee728b)
Start importing Assets/Scenes/HomePage.unity using Guid(9fc0d4010bbf28b4594072e72b8655ab) Importer(815301076,1909f56bfc062723c751e8b465ee728b)  -> (artifact id: '4af1f6a002032543da2888cc83233ccd') in 0.019757 seconds 
  Import took 0.023592 seconds .

========================================================================
Received Import Request.
  Time since last request: 26.340386 seconds.
  path: Assets/Scenes/Models.unity
  artifactKey: Guid(f3f9560ddc29a4b22a4d4ba363a2a5c1) Importer(815301076,1909f56bfc062723c751e8b465ee728b)
Start importing Assets/Scenes/Models.unity using Guid(f3f9560ddc29a4b22a4d4ba363a2a5c1) Importer(815301076,1909f56bfc062723c751e8b465ee728b)  -> (artifact id: '371862c7006bcf0b11ef6010c9ed1f5e') in 0.003495 seconds 
  Import took 0.008508 seconds .

========================================================================
Received Import Request.
  Time since last request: 62.537405 seconds.
  path: Assets/Scenes/Models.unity
  artifactKey: Guid(f3f9560ddc29a4b22a4d4ba363a2a5c1) Importer(815301076,1909f56bfc062723c751e8b465ee728b)
Start importing Assets/Scenes/Models.unity using Guid(f3f9560ddc29a4b22a4d4ba363a2a5c1) Importer(815301076,1909f56bfc062723c751e8b465ee728b)  -> (artifact id: 'bcfd8385bc1580f0fe02c1f12bcf4f3c') in 0.002540 seconds 
  Import took 0.005828 seconds .

========================================================================
Received Import Request.
  Time since last request: 1.247234 seconds.
  path: Assets/Scenes/HowTo.unity
  artifactKey: Guid(19e05e4cea89c44589330da23711a16b) Importer(815301076,1909f56bfc062723c751e8b465ee728b)
Start importing Assets/Scenes/HowTo.unity using Guid(19e05e4cea89c44589330da23711a16b) Importer(815301076,1909f56bfc062723c751e8b465ee728b)  -> (artifact id: '5d85d4600f608cb0dd3f428721617042') in 0.003948 seconds 
  Import took 0.007817 seconds .

========================================================================
Received Import Request.
  Time since last request: 2.057051 seconds.
  path: Assets/Scenes/HomePage.unity
  artifactKey: Guid(9fc0d4010bbf28b4594072e72b8655ab) Importer(815301076,1909f56bfc062723c751e8b465ee728b)
Start importing Assets/Scenes/HomePage.unity using Guid(9fc0d4010bbf28b4594072e72b8655ab) Importer(815301076,1909f56bfc062723c751e8b465ee728b)  -> (artifact id: 'd3b68bb6ed67416b47344b755a353b66') in 0.003753 seconds 
  Import took 0.008026 seconds .

========================================================================
Received Import Request.
  Time since last request: 109.743732 seconds.
  path: Assets/Images/60817.png
  artifactKey: Guid(5fcd13069b2914233ab19f8b7e5a067e) Importer(815301076,1909f56bfc062723c751e8b465ee728b)
Start importing Assets/Images/60817.png using Guid(5fcd13069b2914233ab19f8b7e5a067e) Importer(815301076,1909f56bfc062723c751e8b465ee728b)  -> (artifact id: '2b65f00f52efd712ec529a4c4eb48b67') in 0.030105 seconds 
  Import took 0.032736 seconds .

========================================================================
Received Import Request.
  Time since last request: 7.857919 seconds.
  path: Assets/Images/60817.png
  artifactKey: Guid(5fcd13069b2914233ab19f8b7e5a067e) Importer(815301076,1909f56bfc062723c751e8b465ee728b)
Start importing Assets/Images/60817.png using Guid(5fcd13069b2914233ab19f8b7e5a067e) Importer(815301076,1909f56bfc062723c751e8b465ee728b)  -> (artifact id: 'e19c87cc0c7985e5e19d89bae7fc77c1') in 0.030553 seconds 
  Import took 0.032874 seconds .

========================================================================
Received Import Request.
  Time since last request: 16.528453 seconds.
  path: Assets/Scenes/ContactUs.unity
  artifactKey: Guid(637b4b93fc8f54230bc9059934b8cc95) Importer(815301076,1909f56bfc062723c751e8b465ee728b)
Start importing Assets/Scenes/ContactUs.unity using Guid(637b4b93fc8f54230bc9059934b8cc95) Importer(815301076,1909f56bfc062723c751e8b465ee728b)  -> (artifact id: 'c513bfdff9b225347e3417f6f0081706') in 0.002185 seconds 
  Import took 0.006088 seconds .

========================================================================
Received Import Request.
  Time since last request: 336.797013 seconds.
  path: Assets/Scenes/About.unity
  artifactKey: Guid(3afd91cb3716b4990acbc81bcc102837) Importer(815301076,1909f56bfc062723c751e8b465ee728b)
Start importing Assets/Scenes/About.unity using Guid(3afd91cb3716b4990acbc81bcc102837) Importer(815301076,1909f56bfc062723c751e8b465ee728b)  -> (artifact id: 'd4f9ef3c0183a6adf31a6642b451b35f') in 0.001994 seconds 
  Import took 0.005459 seconds .

========================================================================
Received Import Request.
  Time since last request: 59.837968 seconds.
  path: Assets/Scenes/ContactUs.unity
  artifactKey: Guid(637b4b93fc8f54230bc9059934b8cc95) Importer(815301076,1909f56bfc062723c751e8b465ee728b)
Start importing Assets/Scenes/ContactUs.unity using Guid(637b4b93fc8f54230bc9059934b8cc95) Importer(815301076,1909f56bfc062723c751e8b465ee728b)  -> (artifact id: '840a8867cdaeb1e0cc223cc4eb6af699') in 0.004029 seconds 
  Import took 0.007878 seconds .

========================================================================
Received Import Request.
  Time since last request: 344.359470 seconds.
  path: Assets/Images/Screen_Shot_2022-08-17_at_9.32.03_PM-removebg-preview.png
  artifactKey: Guid(1880addaba611472e94042bf25ecf3a3) Importer(815301076,1909f56bfc062723c751e8b465ee728b)
Start importing Assets/Images/Screen_Shot_2022-08-17_at_9.32.03_PM-removebg-preview.png using Guid(1880addaba611472e94042bf25ecf3a3) Importer(815301076,1909f56bfc062723c751e8b465ee728b)  -> (artifact id: 'a45799967ef56a83dca0c29b7984a0a2') in 0.007700 seconds 
  Import took 0.010523 seconds .

========================================================================
Received Import Request.
  Time since last request: 15.617601 seconds.
  path: Assets/Images/Screen_Shot_2022-08-17_at_9.32.03_PM-removebg-preview.png
  artifactKey: Guid(1880addaba611472e94042bf25ecf3a3) Importer(815301076,1909f56bfc062723c751e8b465ee728b)
Start importing Assets/Images/Screen_Shot_2022-08-17_at_9.32.03_PM-removebg-preview.png using Guid(1880addaba611472e94042bf25ecf3a3) Importer(815301076,1909f56bfc062723c751e8b465ee728b)  -> (artifact id: 'd40c0b1842afe53b04625656721c4789') in 0.010141 seconds 
  Import took 0.013659 seconds .

========================================================================
Received Import Request.
  Time since last request: 159.585117 seconds.
  path: Assets/Fonts/roboto.black.ttf
  artifactKey: Guid(e5e771aa146f3435bbe765895e0851e7) Importer(815301076,1909f56bfc062723c751e8b465ee728b)
Start importing Assets/Fonts/roboto.black.ttf using Guid(e5e771aa146f3435bbe765895e0851e7) Importer(815301076,1909f56bfc062723c751e8b465ee728b)  -> (artifact id: '3183d9dfce06ab87ce6a2b452e8559de') in 0.079727 seconds 
  Import took 0.082851 seconds .

========================================================================
Received Import Request.
  Time since last request: 132.940215 seconds.
  path: Assets/Fonts/header.jpeg
  artifactKey: Guid(983a52c5b790247a5a1c78cfbdbd9108) Importer(815301076,1909f56bfc062723c751e8b465ee728b)
Start importing Assets/Fonts/header.jpeg using Guid(983a52c5b790247a5a1c78cfbdbd9108) Importer(815301076,1909f56bfc062723c751e8b465ee728b)  -> (artifact id: '249869ab7204df006699fd364d38e3cf') in 1.214119 seconds 
  Import took 1.219680 seconds .

========================================================================
Received Import Request.
  Time since last request: 12.850003 seconds.
  path: Assets/Images/header.jpeg
  artifactKey: Guid(983a52c5b790247a5a1c78cfbdbd9108) Importer(815301076,1909f56bfc062723c751e8b465ee728b)
Start importing Assets/Images/header.jpeg using Guid(983a52c5b790247a5a1c78cfbdbd9108) Importer(815301076,1909f56bfc062723c751e8b465ee728b)  -> (artifact id: 'f5089b691f679628c478befe2cd75996') in 0.039566 seconds 
  Import took 0.043283 seconds .

========================================================================
Received Import Request.
  Time since last request: 645.055854 seconds.
  path: Assets/Scenes/HomePage.unity
  artifactKey: Guid(9fc0d4010bbf28b4594072e72b8655ab) Importer(815301076,1909f56bfc062723c751e8b465ee728b)
Start importing Assets/Scenes/HomePage.unity using Guid(9fc0d4010bbf28b4594072e72b8655ab) Importer(815301076,1909f56bfc062723c751e8b465ee728b)  -> (artifact id: '87ddc0ebb7a555c1e14468b5ace01192') in 0.004679 seconds 
  Import took 0.008399 seconds .

========================================================================
Received Import Request.
  Time since last request: 7.705581 seconds.
  path: Assets/Scenes/Models.unity
  artifactKey: Guid(f3f9560ddc29a4b22a4d4ba363a2a5c1) Importer(815301076,1909f56bfc062723c751e8b465ee728b)
Start importing Assets/Scenes/Models.unity using Guid(f3f9560ddc29a4b22a4d4ba363a2a5c1) Importer(815301076,1909f56bfc062723c751e8b465ee728b)  -> (artifact id: '31b0e689b0fd05d66b0b8b0802cc5d74') in 0.002183 seconds 
  Import took 0.006272 seconds .

========================================================================
Received Import Request.
  Time since last request: 3.879043 seconds.
  path: Assets/Scenes/StandingFemaleModel.unity
  artifactKey: Guid(7cbfe668894564da3b2699bff3d5f582) Importer(815301076,1909f56bfc062723c751e8b465ee728b)
Start importing Assets/Scenes/StandingFemaleModel.unity using Guid(7cbfe668894564da3b2699bff3d5f582) Importer(815301076,1909f56bfc062723c751e8b465ee728b)  -> (artifact id: '42b292a6654f81d2e24b015175613188') in 0.002271 seconds 
  Import took 0.007012 seconds .

========================================================================
Received Import Request.
  Time since last request: 0.965432 seconds.
  path: Assets/Scenes/HowTo.unity
  artifactKey: Guid(19e05e4cea89c44589330da23711a16b) Importer(815301076,1909f56bfc062723c751e8b465ee728b)
Start importing Assets/Scenes/HowTo.unity using Guid(19e05e4cea89c44589330da23711a16b) Importer(815301076,1909f56bfc062723c751e8b465ee728b)  -> (artifact id: '76119caac97e2404f6de4a252b62a41f') in 0.002037 seconds 
  Import took 0.005885 seconds .

AssetImportWorkerClient::OnTransportError - code=2 error=End of file
