Unity Editor version:    2020.3.25f1 (9b9180224418)
Branch:                  2020.3/staging
Build type:              Release
Batch mode:              YES
macOS version:           Version 12.0.1 (Build 21A559)
Darwin version:          21.1.0
Architecture:            x86_64
Running under Rosetta:   NO
Available memory:        16384 MB
Using pre-set license
Pro License: NO

COMMAND LINE ARGUMENTS:
/Applications/Unity/Hub/Editor/2020.3.25f1/Unity.app/Contents/MacOS/Unity
-adb2
-batchMode
-noUpm
-name
AssetImportWorker0
-projectPath
/Users/shreyamani/Downloads/My project (1)
-logFile
Logs/AssetImportWorker0.log
-srvPort
57643
Successfully changed project path to: /Users/shreyamani/Downloads/My project (1)
/Users/shreyamani/Downloads/My project (1)
Using Asset Import Pipeline V2.
Refreshing native plugins compatible for Editor in 65.66 ms, found 2 plugins.
Preloading 0 native plugins for Editor in 0.00 ms.
Initialize engine version: 2020.3.25f1 (9b9180224418)
[Subsystems] Discovering subsystems at path /Applications/Unity/Hub/Editor/2020.3.25f1/Unity.app/Contents/Resources/UnitySubsystems
[Subsystems] Discovering subsystems at path /Users/shreyamani/Downloads/My project (1)/Assets
GfxDevice: creating device client; threaded=0
2022-08-17 22:18:58.789 Unity[15461:889433] Color LCD preferred device: Intel(R) Iris(TM) Plus Graphics (low power)
2022-08-17 22:18:58.789 Unity[15461:889433] Metal devices available: 1
2022-08-17 22:18:58.789 Unity[15461:889433] 0: Intel(R) Iris(TM) Plus Graphics (low power)
2022-08-17 22:18:58.789 Unity[15461:889433] Using device Intel(R) Iris(TM) Plus Graphics (low power)
Initializing Metal device caps: Intel(R) Iris(TM) Plus Graphics
Initialize mono
Mono path[0] = '/Applications/Unity/Hub/Editor/2020.3.25f1/Unity.app/Contents/Managed'
Mono path[1] = '/Applications/Unity/Hub/Editor/2020.3.25f1/Unity.app/Contents/MonoBleedingEdge/lib/mono/unityjit'
Mono config path = '/Applications/Unity/Hub/Editor/2020.3.25f1/Unity.app/Contents/MonoBleedingEdge/etc'
Using monoOptions --debugger-agent=transport=dt_socket,embedding=1,server=y,suspend=n,address=127.0.0.1:56461
Begin MonoManager ReloadAssembly
Registering precompiled unity dll's ...
Register platform support module: /Applications/Unity/Hub/Editor/2020.3.25f1/Unity.app/Contents/PlaybackEngines/MacStandaloneSupport/UnityEditor.OSXStandalone.Extensions.dll
Registered in 0.003423 seconds.
Native extension for OSXStandalone target not found
Refreshing native plugins compatible for Editor in 48.81 ms, found 2 plugins.
Preloading 0 native plugins for Editor in 0.00 ms.
Mono: successfully reloaded assembly
- Completed reload, in  1.053 seconds
Domain Reload Profiling:
	ReloadAssembly (1054ms)
		BeginReloadAssembly (78ms)
			ExecutionOrderSort (0ms)
			DisableScriptedObjects (0ms)
			BackupInstance (0ms)
			ReleaseScriptingObjects (0ms)
			CreateAndSetChildDomain (1ms)
		EndReloadAssembly (836ms)
			LoadAssemblies (79ms)
			RebuildTransferFunctionScriptingTraits (0ms)
			SetupTypeCache (284ms)
			ReleaseScriptCaches (0ms)
			RebuildScriptCaches (54ms)
			SetupLoadedEditorAssemblies (328ms)
				LogAssemblyErrors (0ms)
				InitializePlatformSupportModulesInManaged (6ms)
				SetLoadedEditorAssemblies (0ms)
				RefreshPlugins (49ms)
				BeforeProcessingInitializeOnLoad (56ms)
				ProcessInitializeOnLoadAttributes (169ms)
				ProcessInitializeOnLoadMethodAttributes (48ms)
				AfterProcessingInitializeOnLoad (0ms)
				EditorAssembliesLoaded (0ms)
			ExecutionOrderSort2 (0ms)
			AwakeInstancesAfterBackupRestoration (0ms)
Platform modules already initialized, skipping
Registering precompiled user dll's ...
Registered in 0.010562 seconds.
Begin MonoManager ReloadAssembly
Native extension for OSXStandalone target not found
Refreshing native plugins compatible for Editor in 0.53 ms, found 2 plugins.
Preloading 0 native plugins for Editor in 0.00 ms.
Mono: successfully reloaded assembly
- Completed reload, in  1.755 seconds
Domain Reload Profiling:
	ReloadAssembly (1756ms)
		BeginReloadAssembly (215ms)
			ExecutionOrderSort (0ms)
			DisableScriptedObjects (7ms)
			BackupInstance (0ms)
			ReleaseScriptingObjects (0ms)
			CreateAndSetChildDomain (36ms)
		EndReloadAssembly (1440ms)
			LoadAssemblies (147ms)
			RebuildTransferFunctionScriptingTraits (0ms)
			SetupTypeCache (525ms)
			ReleaseScriptCaches (0ms)
			RebuildScriptCaches (79ms)
			SetupLoadedEditorAssemblies (511ms)
				LogAssemblyErrors (0ms)
				InitializePlatformSupportModulesInManaged (8ms)
				SetLoadedEditorAssemblies (1ms)
				RefreshPlugins (1ms)
				BeforeProcessingInitializeOnLoad (132ms)
				ProcessInitializeOnLoadAttributes (351ms)
				ProcessInitializeOnLoadMethodAttributes (16ms)
				AfterProcessingInitializeOnLoad (2ms)
				EditorAssembliesLoaded (0ms)
			ExecutionOrderSort2 (0ms)
			AwakeInstancesAfterBackupRestoration (11ms)
Platform modules already initialized, skipping
Validating Project structure ... 0.000876 seconds.
Shader import version has changed; will reimport all shaders...
Upgrading shader files ...0.001173 seconds.
Application.AssetDatabase Initial Script Refresh Start
RefreshInfo: InitialScriptRefreshV2(NoUpdateAssetOptions) scanfilter:  ... 1 filters
RefreshProfiler: Total: 0.000ms
Application.AssetDatabase Initial Script Refresh End
Application.AssetDatabase.Refresh Start
Application.AssetDatabase.Refresh End
RefreshInfo: StopAssetImportingV2(ForceSynchronousImport) scanfilter: 
RefreshProfiler: Total: 0.000ms
Launching external process: /Applications/Unity/Hub/Editor/2020.3.25f1/Unity.app/Contents/Tools/UnityShaderCompiler
Launched and connected shader compiler UnityShaderCompiler after 0.04 seconds
Initializing Unity extensions:
2022-08-17 22:19:03.950 Unity[15461:889433] NSEventModifierFlagFunction specified to -setKeyEquivalentModifierMask: for item <NSMenuItem: 0x600003dece00 Font Asset, ke='Command-F12'>, but is only supported for system-provided menu items; will not be used
2022-08-17 22:19:03.956 Unity[15461:889433] NSEventModifierFlagFunction specified to -setKeyEquivalentModifierMask: for item <NSMenuItem: 0x600003d1c9a0 Font Asset, ke='Command-F12'>, but is only supported for system-provided menu items; will not be used
========================================================================
Worker process is ready to serve import requests
Refreshing native plugins compatible for Editor in 0.69 ms, found 2 plugins.
Preloading 0 native plugins for Editor in 0.00 ms.
Unloading 1504 Unused Serialized files (Serialized files now loaded: 0)
System memory in use before: 190.1 MB.
System memory in use after: 189.2 MB.

Unloading 83 unused Assets to reduce memory usage. Loaded Objects now: 1976.
Total: 7.417576 ms (FindLiveObjects: 0.335716 ms CreateObjectMapping: 0.103189 ms MarkObjects: 5.740602 ms  DeleteObjects: 1.235293 ms)

AssetImportParameters requested are different than current active one (requested -> active):
  custom:video-decoder-ogg-theora: a1e56fd34408186e4bbccfd4996cb3dc -> 
  custom:container-muxer-webm: aa71ff27fc2769a1b78a27578f13a17b -> 
  custom:container-demuxer-webm: 4f35f7cbe854078d1ac9338744f61a02 -> 
  custom:container-demuxer-ogg: 62fdf1f143b41e24485cea50d1cbac27 -> 
  custom:video-encoder-webm-vp8: eb34c28f22e8b96e1ab97ce403110664 -> 
  custom:framework-osx-AVFoundation: e770b220cccbd017edd2c1fefb359320 -> 
  custom:video-decoder-webm-vp8: 9c59270c3fd7afecdb556c50c9e8de78 -> 
  custom:audio-decoder-ogg-vorbis: bf7c407c2cedff20999df2af8eb42d56 -> 
  custom:audio-encoder-webm-vorbis: bf7c407c2cedff20999df2af8eb42d56 -> 
========================================================================
Received Import Request.
  path: Assets/Scenes/HomePage.unity
  artifactKey: Guid(9fc0d4010bbf28b4594072e72b8655ab) Importer(815301076,1909f56bfc062723c751e8b465ee728b)
Start importing Assets/Scenes/HomePage.unity using Guid(9fc0d4010bbf28b4594072e72b8655ab) Importer(815301076,1909f56bfc062723c751e8b465ee728b)  -> (artifact id: '2510a170fa15245632602a56bf5ae440') in 0.027559 seconds 
  Import took 0.087197 seconds .

========================================================================
Received Import Request.
  Time since last request: 66.950254 seconds.
  path: Assets/Scenes/About.unity
  artifactKey: Guid(3afd91cb3716b4990acbc81bcc102837) Importer(815301076,1909f56bfc062723c751e8b465ee728b)
Start importing Assets/Scenes/About.unity using Guid(3afd91cb3716b4990acbc81bcc102837) Importer(815301076,1909f56bfc062723c751e8b465ee728b)  -> (artifact id: '45bc0fd6342a80558a09bde52652198b') in 0.003144 seconds 
  Import took 0.007824 seconds .

========================================================================
Received Import Request.
  Time since last request: 29.211135 seconds.
  path: Assets/Scenes/About.unity
  artifactKey: Guid(3afd91cb3716b4990acbc81bcc102837) Importer(815301076,1909f56bfc062723c751e8b465ee728b)
Start importing Assets/Scenes/About.unity using Guid(3afd91cb3716b4990acbc81bcc102837) Importer(815301076,1909f56bfc062723c751e8b465ee728b)  -> (artifact id: '8a4fc8c113e9f74bcd139da5c0feee00') in 0.004008 seconds 
  Import took 0.008995 seconds .

========================================================================
Received Import Request.
  Time since last request: 1.916333 seconds.
  path: Assets/Scenes/ContactUs.unity
  artifactKey: Guid(637b4b93fc8f54230bc9059934b8cc95) Importer(815301076,1909f56bfc062723c751e8b465ee728b)
Start importing Assets/Scenes/ContactUs.unity using Guid(637b4b93fc8f54230bc9059934b8cc95) Importer(815301076,1909f56bfc062723c751e8b465ee728b)  -> (artifact id: 'b506b3a12a81568c9ff9e8f3006c20d0') in 0.004004 seconds 
  Import took 0.010141 seconds .

========================================================================
Received Import Request.
  Time since last request: 1.508103 seconds.
  path: Assets/Scenes/HomePage.unity
  artifactKey: Guid(9fc0d4010bbf28b4594072e72b8655ab) Importer(815301076,1909f56bfc062723c751e8b465ee728b)
Start importing Assets/Scenes/HomePage.unity using Guid(9fc0d4010bbf28b4594072e72b8655ab) Importer(815301076,1909f56bfc062723c751e8b465ee728b)  -> (artifact id: 'bfff08f6571b14639d9b871b365ffbb8') in 0.004941 seconds 
  Import took 0.009548 seconds .

========================================================================
Received Import Request.
  Time since last request: 30.020489 seconds.
  path: Assets/Scenes/HowTo.unity
  artifactKey: Guid(19e05e4cea89c44589330da23711a16b) Importer(815301076,1909f56bfc062723c751e8b465ee728b)
Start importing Assets/Scenes/HowTo.unity using Guid(19e05e4cea89c44589330da23711a16b) Importer(815301076,1909f56bfc062723c751e8b465ee728b)  -> (artifact id: '63383c5bcc2d6b0b45add1026172ee00') in 0.004961 seconds 
  Import took 0.009166 seconds .

========================================================================
Received Import Request.
  Time since last request: 267.579274 seconds.
  path: Assets/Scenes/Models.unity
  artifactKey: Guid(f3f9560ddc29a4b22a4d4ba363a2a5c1) Importer(815301076,1909f56bfc062723c751e8b465ee728b)
Start importing Assets/Scenes/Models.unity using Guid(f3f9560ddc29a4b22a4d4ba363a2a5c1) Importer(815301076,1909f56bfc062723c751e8b465ee728b)  -> (artifact id: '59d18fa8c71bf361bd1ec281a3f8bf16') in 0.002441 seconds 
  Import took 0.007582 seconds .

========================================================================
Received Import Request.
  Time since last request: 2.994060 seconds.
  path: Assets/Scenes/HowTo.unity
  artifactKey: Guid(19e05e4cea89c44589330da23711a16b) Importer(815301076,1909f56bfc062723c751e8b465ee728b)
Start importing Assets/Scenes/HowTo.unity using Guid(19e05e4cea89c44589330da23711a16b) Importer(815301076,1909f56bfc062723c751e8b465ee728b)  -> (artifact id: '9b1bf3b9678ce7cb8e3ac5a0913b1cd9') in 0.002444 seconds 
  Import took 0.007366 seconds .

========================================================================
Received Import Request.
  Time since last request: 120.429399 seconds.
  path: Assets/Images/Screen_Shot_2022-08-17_at_10.26.31_PM-removebg-preview.png
  artifactKey: Guid(e19d2b944b3094ede8c55c0bcf46a7a7) Importer(815301076,1909f56bfc062723c751e8b465ee728b)
Start importing Assets/Images/Screen_Shot_2022-08-17_at_10.26.31_PM-removebg-preview.png using Guid(e19d2b944b3094ede8c55c0bcf46a7a7) Importer(815301076,1909f56bfc062723c751e8b465ee728b)  -> (artifact id: '0a09f1090858984fa5cc8560aa49a880') in 0.802565 seconds 
  Import took 0.808872 seconds .

========================================================================
Received Import Request.
  Time since last request: 10.669662 seconds.
  path: Assets/Images/Screen_Shot_2022-08-17_at_10.26.31_PM-removebg-preview.png
  artifactKey: Guid(e19d2b944b3094ede8c55c0bcf46a7a7) Importer(815301076,1909f56bfc062723c751e8b465ee728b)
Start importing Assets/Images/Screen_Shot_2022-08-17_at_10.26.31_PM-removebg-preview.png using Guid(e19d2b944b3094ede8c55c0bcf46a7a7) Importer(815301076,1909f56bfc062723c751e8b465ee728b)  -> (artifact id: '1c5b76fddc2eeb49134d1ba29c6bda05') in 0.051419 seconds 
  Import took 0.056066 seconds .

